#
# There is insufficient memory for the Java Runtime Environment to continue.
# Native memory allocation (mmap) failed to map 65536 bytes for Failed to commit metaspace.
# Possible reasons:
#   The system is out of physical RAM or swap space
#   The process is running with CompressedOops enabled, and the Java Heap may be blocking the growth of the native heap
# Possible solutions:
#   Reduce memory load on the system
#   Increase physical memory or swap space
#   Check if swap backing store is full
#   Decrease Java heap size (-Xmx/-Xms)
#   Decrease number of Java threads
#   Decrease Java thread stack sizes (-Xss)
#   Set larger code cache with -XX:ReservedCodeCacheSize=
#   JVM is running with Unscaled Compressed Oops mode in which the Java heap is
#     placed in the first 4GB address space. The Java Heap base address is the
#     maximum limit for the native heap growth. Please use -XX:HeapBaseMinAddress
#     to set the Java Heap base and to place the Java Heap above 4GB virtual address.
# This output file may be truncated or incomplete.
#
#  Out of Memory Error (virtualSpaceNode.cpp:110), pid=10408, tid=5800
#
# JRE version: OpenJDK Runtime Environment JBR-17.0.6+10-829.9-jcef (17.0.6+10) (build 17.0.6+10-b829.9)
# Java VM: OpenJDK 64-Bit Server VM JBR-17.0.6+10-829.9-jcef (17.0.6+10-b829.9, mixed mode, tiered, compressed oops, compressed class ptrs, g1 gc, windows-amd64)
# No core dump will be written. Minidumps are not enabled by default on client versions of Windows
#

---------------  S U M M A R Y ------------

Command Line: -Djava.rmi.server.hostname=127.0.0.1 -Duser.timezone=UTC -Xmx750m -Xms128m --add-exports=java.desktop/sun.awt=ALL-UNNAMED --add-exports=java.desktop/java.awt.peer=ALL-UNNAMED --add-opens=java.desktop/java.awt=ALL-UNNAMED --add-opens=jdk.unsupported/sun.misc=ALL-UNNAMED --add-opens=java.base/java.nio=ALL-UNNAMED --add-opens=java.base/java.util=ALL-UNNAMED -Dfile.encoding=UTF-8 com.intellij.database.remote.RemoteJdbcServer com.mysql.cj.jdbc.Driver

Host: AMD A6-9225 RADEON R4, 5 COMPUTE CORES 2C+3G   , 2 cores, 7G,  Windows 10 , 64 bit Build 19041 (10.0.19041.3031)
Time: Mon Jun 12 17:09:48 2023 RTZ 4 (s 10 , 64 bit Build 19041 (10.0.19041.3031) elapsed time: 5.091150 seconds (0d 0h 0m 5s)

---------------  T H R E A D  ---------------

Current thread (0x00000273cffd3d40):  JavaThread "RMI TCP Connection(3)-127.0.0.1" daemon [_thread_in_vm, id=5800, stack(0x000000ee4d300000,0x000000ee4d400000)]

Stack: [0x000000ee4d300000,0x000000ee4d400000]
Native frames: (J=compiled Java code, j=interpreted, Vv=VM code, C=native code)
V  [jvm.dll+0x683c5a]
V  [jvm.dll+0x842764]
V  [jvm.dll+0x843f5e]
V  [jvm.dll+0x8445c3]
V  [jvm.dll+0x249b75]
V  [jvm.dll+0x83e7bb]
V  [jvm.dll+0x628006]
V  [jvm.dll+0x62806a]
V  [jvm.dll+0x62a87a]
V  [jvm.dll+0x6289a6]
V  [jvm.dll+0x23f007]
V  [jvm.dll+0x1e9643]
V  [jvm.dll+0x1ee436]
V  [jvm.dll+0x1e3dcc]
V  [jvm.dll+0x547fed]
V  [jvm.dll+0x1f46eb]
V  [jvm.dll+0x7bc78b]
V  [jvm.dll+0x7bdbd2]
V  [jvm.dll+0x7bdf08]
V  [jvm.dll+0x24190e]
V  [jvm.dll+0x38437e]
C  0x00000273c02bb5a5

Java frames: (J=compiled Java code, j=interpreted, Vv=VM code)
j  sun.security.ssl.SupportedVersionsExtension.<clinit>()V+80 java.base@17.0.6
v  ~StubRoutines::call_stub
j  sun.security.ssl.SSLExtension.<clinit>()V+1357 java.base@17.0.6
v  ~StubRoutines::call_stub
j  sun.security.ssl.SSLConfiguration.getEnabledExtensions(Lsun/security/ssl/SSLHandshake;Ljava/util/List;)[Lsun/security/ssl/SSLExtension;+8 java.base@17.0.6
j  sun.security.ssl.ClientHello$ClientHelloKickstartProducer.produce(Lsun/security/ssl/ConnectionContext;)[B+949 java.base@17.0.6
j  sun.security.ssl.SSLHandshake.kickstart(Lsun/security/ssl/HandshakeContext;)V+47 java.base@17.0.6
j  sun.security.ssl.ClientHandshakeContext.kickstart()V+9 java.base@17.0.6
j  sun.security.ssl.TransportContext.kickstart()V+186 java.base@17.0.6
j  sun.security.ssl.SSLSocketImpl.startHandshake(Z)V+108 java.base@17.0.6
j  sun.security.ssl.SSLSocketImpl.startHandshake()V+2 java.base@17.0.6
j  com.mysql.cj.protocol.ExportControlled.performTlsHandshake(Ljava/net/Socket;Lcom/mysql/cj/protocol/SocketConnection;Lcom/mysql/cj/ServerVersion;)Ljava/net/Socket;+228
j  com.mysql.cj.protocol.StandardSocketFactory.performTlsHandshake(Lcom/mysql/cj/protocol/SocketConnection;Lcom/mysql/cj/protocol/ServerSession;)Ljava/io/Closeable;+20
j  com.mysql.cj.protocol.a.NativeSocketConnection.performTlsHandshake(Lcom/mysql/cj/protocol/ServerSession;)V+7
j  com.mysql.cj.protocol.a.NativeProtocol.negotiateSSLConnection()V+121
j  com.mysql.cj.protocol.a.NativeAuthenticationProvider.connect(Lcom/mysql/cj/protocol/ServerSession;Ljava/lang/String;Ljava/lang/String;Ljava/lang/String;)V+712
j  com.mysql.cj.protocol.a.NativeProtocol.connect(Ljava/lang/String;Ljava/lang/String;Ljava/lang/String;)V+15
j  com.mysql.cj.NativeSession.connect(Lcom/mysql/cj/conf/HostInfo;Ljava/lang/String;Ljava/lang/String;Ljava/lang/String;ILcom/mysql/cj/TransactionEventHandler;)V+110
j  com.mysql.cj.jdbc.ConnectionImpl.connectOneTryOnly(Z)V+32
j  com.mysql.cj.jdbc.ConnectionImpl.createNewIO(Z)V+27
j  com.mysql.cj.jdbc.ConnectionImpl.<init>(Lcom/mysql/cj/conf/HostInfo;)V+753
j  com.mysql.cj.jdbc.ConnectionImpl.getInstance(Lcom/mysql/cj/conf/HostInfo;)Lcom/mysql/cj/jdbc/JdbcConnection;+5
j  com.mysql.cj.jdbc.NonRegisteringDriver.connect(Ljava/lang/String;Ljava/util/Properties;)Ljava/sql/Connection;+72
j  com.intellij.database.remote.jdbc.helpers.JdbcHelperImpl.connect(Ljava/sql/Driver;Ljava/lang/String;Ljava/util/Properties;Ljava/util/Map;)Ljava/sql/Connection;+279
j  com.intellij.database.remote.jdbc.helpers.MysqlBaseJdbcHelper.connect(Ljava/sql/Driver;Ljava/lang/String;Ljava/util/Properties;Ljava/util/Map;)Ljava/sql/Connection;+41
j  com.intellij.database.remote.jdbc.impl.RemoteDriverImpl.connect(Ljava/lang/String;Ljava/util/Properties;Ljava/util/Map;)Lcom/intellij/database/remote/jdbc/RemoteConnection;+53
v  ~StubRoutines::call_stub
j  jdk.internal.reflect.NativeMethodAccessorImpl.invoke0(Ljava/lang/reflect/Method;Ljava/lang/Object;[Ljava/lang/Object;)Ljava/lang/Object;+0 java.base@17.0.6
j  jdk.internal.reflect.NativeMethodAccessorImpl.invoke(Ljava/lang/Object;[Ljava/lang/Object;)Ljava/lang/Object;+133 java.base@17.0.6
j  jdk.internal.reflect.DelegatingMethodAccessorImpl.invoke(Ljava/lang/Object;[Ljava/lang/Object;)Ljava/lang/Object;+6 java.base@17.0.6
j  java.lang.reflect.Method.invoke(Ljava/lang/Object;[Ljava/lang/Object;)Ljava/lang/Object;+59 java.base@17.0.6
j  sun.rmi.server.UnicastServerRef.dispatch(Ljava/rmi/Remote;Ljava/rmi/server/RemoteCall;)V+264 java.rmi@17.0.6
j  sun.rmi.transport.Transport$1.run()Ljava/lang/Void;+23 java.rmi@17.0.6
j  sun.rmi.transport.Transport$1.run()Ljava/lang/Object;+1 java.rmi@17.0.6
j  java.security.AccessController.executePrivileged(Ljava/security/PrivilegedExceptionAction;Ljava/security/AccessControlContext;Ljava/lang/Class;)Ljava/lang/Object;+29 java.base@17.0.6
j  java.security.AccessController.doPrivileged(Ljava/security/PrivilegedExceptionAction;Ljava/security/AccessControlContext;)Ljava/lang/Object;+13 java.base@17.0.6
j  sun.rmi.transport.Transport.serviceCall(Ljava/rmi/server/RemoteCall;)Z+157 java.rmi@17.0.6
j  sun.rmi.transport.tcp.TCPTransport.handleMessages(Lsun/rmi/transport/Connection;Z)V+145 java.rmi@17.0.6
j  sun.rmi.transport.tcp.TCPTransport$ConnectionHandler.run0()V+522 java.rmi@17.0.6
j  sun.rmi.transport.tcp.TCPTransport$ConnectionHandler.lambda$run$0()Ljava/lang/Void;+1 java.rmi@17.0.6
j  sun.rmi.transport.tcp.TCPTransport$ConnectionHandler$$Lambda$67+0x000000010010efc8.run()Ljava/lang/Object;+4 java.rmi@17.0.6
J 695 c1 java.security.AccessController.executePrivileged(Ljava/security/PrivilegedAction;Ljava/security/AccessControlContext;Ljava/lang/Class;)Ljava/lang/Object; java.base@17.0.6 (65 bytes) @ 0x00000273b8e7a0b4 [0x00000273b8e79f60+0x0000000000000154]
j  java.security.AccessController.doPrivileged(Ljava/security/PrivilegedAction;Ljava/security/AccessControlContext;)Ljava/lang/Object;+13 java.base@17.0.6
j  sun.rmi.transport.tcp.TCPTransport$ConnectionHandler.run()V+37 java.rmi@17.0.6
j  java.util.concurrent.ThreadPoolExecutor.runWorker(Ljava/util/concurrent/ThreadPoolExecutor$Worker;)V+92 java.base@17.0.6
j  java.util.concurrent.ThreadPoolExecutor$Worker.run()V+5 java.base@17.0.6
j  java.lang.Thread.run()V+11 java.base@17.0.6
v  ~StubRoutines::call_stub

---------------  P R O C E S S  ---------------

Threads class SMR info:
_java_thread_list=0x00000273cff33330, length=23, elements={
0x00000273b561ab90, 0x00000273cba54620, 0x00000273cba55c80, 0x00000273cba7f0f0,
0x00000273cba7fab0, 0x00000273cc40a470, 0x00000273cc40d4e0, 0x00000273cc4178a0,
0x00000273cc41bef0, 0x00000273cc4286b0, 0x00000273cba8e180, 0x00000273cba8ea60,
0x00000273cc6696e0, 0x00000273cc7fd420, 0x00000273cff37d60, 0x00000273cff3a240,
0x00000273cff3a710, 0x00000273cff72380, 0x00000273cff884f0, 0x00000273cffd4210,
0x00000273cffd3d40, 0x00000273cffd4bb0, 0x00000273cffd2060
}

Java Threads: ( => current thread )
  0x00000273b561ab90 JavaThread "main" [_thread_blocked, id=4048, stack(0x000000ee4b600000,0x000000ee4b700000)]
  0x00000273cba54620 JavaThread "Reference Handler" daemon [_thread_blocked, id=11092, stack(0x000000ee4bd00000,0x000000ee4be00000)]
  0x00000273cba55c80 JavaThread "Finalizer" daemon [_thread_blocked, id=8680, stack(0x000000ee4be00000,0x000000ee4bf00000)]
  0x00000273cba7f0f0 JavaThread "Signal Dispatcher" daemon [_thread_blocked, id=3740, stack(0x000000ee4bf00000,0x000000ee4c000000)]
  0x00000273cba7fab0 JavaThread "Attach Listener" daemon [_thread_blocked, id=5248, stack(0x000000ee4c000000,0x000000ee4c100000)]
  0x00000273cc40a470 JavaThread "Service Thread" daemon [_thread_blocked, id=10592, stack(0x000000ee4c100000,0x000000ee4c200000)]
  0x00000273cc40d4e0 JavaThread "Monitor Deflation Thread" daemon [_thread_blocked, id=10080, stack(0x000000ee4c200000,0x000000ee4c300000)]
  0x00000273cc4178a0 JavaThread "C2 CompilerThread0" daemon [_thread_blocked, id=2728, stack(0x000000ee4c300000,0x000000ee4c400000)]
  0x00000273cc41bef0 JavaThread "C1 CompilerThread0" daemon [_thread_blocked, id=14256, stack(0x000000ee4c400000,0x000000ee4c500000)]
  0x00000273cc4286b0 JavaThread "Sweeper thread" daemon [_thread_blocked, id=8328, stack(0x000000ee4c500000,0x000000ee4c600000)]
  0x00000273cba8e180 JavaThread "Common-Cleaner" daemon [_thread_blocked, id=12644, stack(0x000000ee4c600000,0x000000ee4c700000)]
  0x00000273cba8ea60 JavaThread "Notification Thread" daemon [_thread_blocked, id=10836, stack(0x000000ee4c700000,0x000000ee4c800000)]
  0x00000273cc6696e0 JavaThread "mysql-cj-abandoned-connection-cleanup" daemon [_thread_blocked, id=14632, stack(0x000000ee4c900000,0x000000ee4ca00000)]
  0x00000273cc7fd420 JavaThread "RMI TCP Accept-48735" daemon [_thread_in_native, id=10068, stack(0x000000ee4ca00000,0x000000ee4cb00000)]
  0x00000273cff37d60 JavaThread "RMI TCP Accept-0" daemon [_thread_in_native, id=7992, stack(0x000000ee4cb00000,0x000000ee4cc00000)]
  0x00000273cff3a240 JavaThread "RMI Reaper" [_thread_blocked, id=15180, stack(0x000000ee4cc00000,0x000000ee4cd00000)]
  0x00000273cff3a710 JavaThread "RMI GC Daemon" daemon [_thread_blocked, id=8736, stack(0x000000ee4cd00000,0x000000ee4ce00000)]
  0x00000273cff72380 JavaThread "RMI TCP Connection(1)-127.0.0.1" daemon [_thread_in_native, id=13260, stack(0x000000ee4d000000,0x000000ee4d100000)]
  0x00000273cff884f0 JavaThread "RMI TCP Connection(2)-127.0.0.1" daemon [_thread_in_native, id=6852, stack(0x000000ee4d100000,0x000000ee4d200000)]
  0x00000273cffd4210 JavaThread "RMI TCP Connection(4)-127.0.0.1" daemon [_thread_in_native, id=5136, stack(0x000000ee4d200000,0x000000ee4d300000)]
=>0x00000273cffd3d40 JavaThread "RMI TCP Connection(3)-127.0.0.1" daemon [_thread_in_vm, id=5800, stack(0x000000ee4d300000,0x000000ee4d400000)]
  0x00000273cffd4bb0 JavaThread "RMI Scheduler(0)" daemon [_thread_blocked, id=7328, stack(0x000000ee4d400000,0x000000ee4d500000)]
  0x00000273cffd2060 JavaThread "RMI RenewClean-[127.0.0.1:50639]" daemon [_thread_blocked, id=12592, stack(0x000000ee4d500000,0x000000ee4d600000)]

Other Threads:
  0x00000273cb9d80d0 VMThread "VM Thread" [stack: 0x000000ee4bc00000,0x000000ee4bd00000] [id=13924]
  0x00000273b5660f40 WatcherThread [stack: 0x000000ee4c800000,0x000000ee4c900000] [id=14884]
  0x00000273b5650e80 GCTaskThread "GC Thread#0" [stack: 0x000000ee4b700000,0x000000ee4b800000] [id=10400]
  0x00000273cff71390 GCTaskThread "GC Thread#1" [stack: 0x000000ee4ce00000,0x000000ee4cf00000] [id=1924]
  0x00000273b5658aa0 ConcurrentGCThread "G1 Main Marker" [stack: 0x000000ee4b800000,0x000000ee4b900000] [id=10892]
  0x00000273b5659b60 ConcurrentGCThread "G1 Conc#0" [stack: 0x000000ee4b900000,0x000000ee4ba00000] [id=9888]
  0x00000273b56cd540 ConcurrentGCThread "G1 Refine#0" [stack: 0x000000ee4ba00000,0x000000ee4bb00000] [id=184]
  0x00000273cff7db30 ConcurrentGCThread "G1 Refine#1" [stack: 0x000000ee4cf00000,0x000000ee4d000000] [id=12780]
  0x00000273b56cde70 ConcurrentGCThread "G1 Service" [stack: 0x000000ee4bb00000,0x000000ee4bc00000] [id=3168]

Threads with active compile tasks:

VM state: not at safepoint (normal execution)

VM Mutex/Monitor currently owned by a thread:  ([mutex/lock_event])
[0x00000273b5614b70] Metaspace_lock - owner thread: 0x00000273cffd3d40

Heap address: 0x00000000d1200000, size: 750 MB, Compressed Oops mode: 32-bit

CDS archive(s) not mapped
Compressed class space mapped at: 0x0000000100000000-0x0000000140000000, reserved size: 1073741824
Narrow klass base: 0x0000000000000000, Narrow klass shift: 3, Narrow klass range: 0x140000000

GC Precious Log:
 CPUs: 2 total, 2 available
 Memory: 7638M
 Large Page Support: Disabled
 NUMA Support: Disabled
 Compressed Oops: Enabled (32-bit)
 Heap Region Size: 1M
 Heap Min Capacity: 128M
 Heap Initial Capacity: 128M
 Heap Max Capacity: 750M
 Pre-touch: Disabled
 Parallel Workers: 2
 Concurrent Workers: 1
 Concurrent Refinement Workers: 2
 Periodic GC: Disabled

Heap:
 garbage-first heap   total 131072K, used 5439K [0x00000000d1200000, 0x0000000100000000)
  region size 1024K, 3 young (3072K), 2 survivors (2048K)
 Metaspace       used 18949K, committed 19200K, reserved 1073152K
  class space    used 2024K, committed 2176K, reserved 1048576K

Heap Regions: E=young(eden), S=young(survivor), O=old, HS=humongous(starts), HC=humongous(continues), CS=collection set, F=free, OA=open archive, CA=closed archive, TAMS=top-at-mark-start (previous, next)
|   0|0x00000000d1200000, 0x00000000d1300000, 0x00000000d1300000|100%| O|  |TAMS 0x00000000d1200000, 0x00000000d1200000| Untracked 
|   1|0x00000000d1300000, 0x00000000d1400000, 0x00000000d1400000|100%| O|  |TAMS 0x00000000d1300000, 0x00000000d1300000| Untracked 
|   2|0x00000000d1400000, 0x00000000d1500000, 0x00000000d1500000|100%| O|  |TAMS 0x00000000d1400000, 0x00000000d1400000| Untracked 
|   3|0x00000000d1500000, 0x00000000d154fe00, 0x00000000d1600000| 31%| O|  |TAMS 0x00000000d1500000, 0x00000000d1500000| Untracked 
|   4|0x00000000d1600000, 0x00000000d1600000, 0x00000000d1700000|  0%| F|  |TAMS 0x00000000d1600000, 0x00000000d1600000| Untracked 
|   5|0x00000000d1700000, 0x00000000d1700000, 0x00000000d1800000|  0%| F|  |TAMS 0x00000000d1700000, 0x00000000d1700000| Untracked 
|   6|0x00000000d1800000, 0x00000000d1800000, 0x00000000d1900000|  0%| F|  |TAMS 0x00000000d1800000, 0x00000000d1800000| Untracked 
|   7|0x00000000d1900000, 0x00000000d1900000, 0x00000000d1a00000|  0%| F|  |TAMS 0x00000000d1900000, 0x00000000d1900000| Untracked 
|   8|0x00000000d1a00000, 0x00000000d1a00000, 0x00000000d1b00000|  0%| F|  |TAMS 0x00000000d1a00000, 0x00000000d1a00000| Untracked 
|   9|0x00000000d1b00000, 0x00000000d1b00000, 0x00000000d1c00000|  0%| F|  |TAMS 0x00000000d1b00000, 0x00000000d1b00000| Untracked 
|  10|0x00000000d1c00000, 0x00000000d1c00000, 0x00000000d1d00000|  0%| F|  |TAMS 0x00000000d1c00000, 0x00000000d1c00000| Untracked 
|  11|0x00000000d1d00000, 0x00000000d1d00000, 0x00000000d1e00000|  0%| F|  |TAMS 0x00000000d1d00000, 0x00000000d1d00000| Untracked 
|  12|0x00000000d1e00000, 0x00000000d1e00000, 0x00000000d1f00000|  0%| F|  |TAMS 0x00000000d1e00000, 0x00000000d1e00000| Untracked 
|  13|0x00000000d1f00000, 0x00000000d1f00000, 0x00000000d2000000|  0%| F|  |TAMS 0x00000000d1f00000, 0x00000000d1f00000| Untracked 
|  14|0x00000000d2000000, 0x00000000d2000000, 0x00000000d2100000|  0%| F|  |TAMS 0x00000000d2000000, 0x00000000d2000000| Untracked 
|  15|0x00000000d2100000, 0x00000000d2100000, 0x00000000d2200000|  0%| F|  |TAMS 0x00000000d2100000, 0x00000000d2100000| Untracked 
|  16|0x00000000d2200000, 0x00000000d2200000, 0x00000000d2300000|  0%| F|  |TAMS 0x00000000d2200000, 0x00000000d2200000| Untracked 
|  17|0x00000000d2300000, 0x00000000d2300000, 0x00000000d2400000|  0%| F|  |TAMS 0x00000000d2300000, 0x00000000d2300000| Untracked 
|  18|0x00000000d2400000, 0x00000000d2400000, 0x00000000d2500000|  0%| F|  |TAMS 0x00000000d2400000, 0x00000000d2400000| Untracked 
|  19|0x00000000d2500000, 0x00000000d2500000, 0x00000000d2600000|  0%| F|  |TAMS 0x00000000d2500000, 0x00000000d2500000| Untracked 
|  20|0x00000000d2600000, 0x00000000d2600000, 0x00000000d2700000|  0%| F|  |TAMS 0x00000000d2600000, 0x00000000d2600000| Untracked 
|  21|0x00000000d2700000, 0x00000000d2700000, 0x00000000d2800000|  0%| F|  |TAMS 0x00000000d2700000, 0x00000000d2700000| Untracked 
|  22|0x00000000d2800000, 0x00000000d2800000, 0x00000000d2900000|  0%| F|  |TAMS 0x00000000d2800000, 0x00000000d2800000| Untracked 
|  23|0x00000000d2900000, 0x00000000d2900000, 0x00000000d2a00000|  0%| F|  |TAMS 0x00000000d2900000, 0x00000000d2900000| Untracked 
|  24|0x00000000d2a00000, 0x00000000d2a00000, 0x00000000d2b00000|  0%| F|  |TAMS 0x00000000d2a00000, 0x00000000d2a00000| Untracked 
|  25|0x00000000d2b00000, 0x00000000d2b00000, 0x00000000d2c00000|  0%| F|  |TAMS 0x00000000d2b00000, 0x00000000d2b00000| Untracked 
|  26|0x00000000d2c00000, 0x00000000d2c00000, 0x00000000d2d00000|  0%| F|  |TAMS 0x00000000d2c00000, 0x00000000d2c00000| Untracked 
|  27|0x00000000d2d00000, 0x00000000d2d00000, 0x00000000d2e00000|  0%| F|  |TAMS 0x00000000d2d00000, 0x00000000d2d00000| Untracked 
|  28|0x00000000d2e00000, 0x00000000d2e00000, 0x00000000d2f00000|  0%| F|  |TAMS 0x00000000d2e00000, 0x00000000d2e00000| Untracked 
|  29|0x00000000d2f00000, 0x00000000d2f00000, 0x00000000d3000000|  0%| F|  |TAMS 0x00000000d2f00000, 0x00000000d2f00000| Untracked 
|  30|0x00000000d3000000, 0x00000000d3000000, 0x00000000d3100000|  0%| F|  |TAMS 0x00000000d3000000, 0x00000000d3000000| Untracked 
|  31|0x00000000d3100000, 0x00000000d3100000, 0x00000000d3200000|  0%| F|  |TAMS 0x00000000d3100000, 0x00000000d3100000| Untracked 
|  32|0x00000000d3200000, 0x00000000d3200000, 0x00000000d3300000|  0%| F|  |TAMS 0x00000000d3200000, 0x00000000d3200000| Untracked 
|  33|0x00000000d3300000, 0x00000000d3300000, 0x00000000d3400000|  0%| F|  |TAMS 0x00000000d3300000, 0x00000000d3300000| Untracked 
|  34|0x00000000d3400000, 0x00000000d3400000, 0x00000000d3500000|  0%| F|  |TAMS 0x00000000d3400000, 0x00000000d3400000| Untracked 
|  35|0x00000000d3500000, 0x00000000d3500000, 0x00000000d3600000|  0%| F|  |TAMS 0x00000000d3500000, 0x00000000d3500000| Untracked 
|  36|0x00000000d3600000, 0x00000000d3600000, 0x00000000d3700000|  0%| F|  |TAMS 0x00000000d3600000, 0x00000000d3600000| Untracked 
|  37|0x00000000d3700000, 0x00000000d3700000, 0x00000000d3800000|  0%| F|  |TAMS 0x00000000d3700000, 0x00000000d3700000| Untracked 
|  38|0x00000000d3800000, 0x00000000d3800000, 0x00000000d3900000|  0%| F|  |TAMS 0x00000000d3800000, 0x00000000d3800000| Untracked 
|  39|0x00000000d3900000, 0x00000000d3900000, 0x00000000d3a00000|  0%| F|  |TAMS 0x00000000d3900000, 0x00000000d3900000| Untracked 
|  40|0x00000000d3a00000, 0x00000000d3a00000, 0x00000000d3b00000|  0%| F|  |TAMS 0x00000000d3a00000, 0x00000000d3a00000| Untracked 
|  41|0x00000000d3b00000, 0x00000000d3b00000, 0x00000000d3c00000|  0%| F|  |TAMS 0x00000000d3b00000, 0x00000000d3b00000| Untracked 
|  42|0x00000000d3c00000, 0x00000000d3c00000, 0x00000000d3d00000|  0%| F|  |TAMS 0x00000000d3c00000, 0x00000000d3c00000| Untracked 
|  43|0x00000000d3d00000, 0x00000000d3d00000, 0x00000000d3e00000|  0%| F|  |TAMS 0x00000000d3d00000, 0x00000000d3d00000| Untracked 
|  44|0x00000000d3e00000, 0x00000000d3e00000, 0x00000000d3f00000|  0%| F|  |TAMS 0x00000000d3e00000, 0x00000000d3e00000| Untracked 
|  45|0x00000000d3f00000, 0x00000000d3f00000, 0x00000000d4000000|  0%| F|  |TAMS 0x00000000d3f00000, 0x00000000d3f00000| Untracked 
|  46|0x00000000d4000000, 0x00000000d4000000, 0x00000000d4100000|  0%| F|  |TAMS 0x00000000d4000000, 0x00000000d4000000| Untracked 
|  47|0x00000000d4100000, 0x00000000d4100000, 0x00000000d4200000|  0%| F|  |TAMS 0x00000000d4100000, 0x00000000d4100000| Untracked 
|  48|0x00000000d4200000, 0x00000000d4200000, 0x00000000d4300000|  0%| F|  |TAMS 0x00000000d4200000, 0x00000000d4200000| Untracked 
|  49|0x00000000d4300000, 0x00000000d4300000, 0x00000000d4400000|  0%| F|  |TAMS 0x00000000d4300000, 0x00000000d4300000| Untracked 
|  50|0x00000000d4400000, 0x00000000d4400000, 0x00000000d4500000|  0%| F|  |TAMS 0x00000000d4400000, 0x00000000d4400000| Untracked 
|  51|0x00000000d4500000, 0x00000000d4500000, 0x00000000d4600000|  0%| F|  |TAMS 0x00000000d4500000, 0x00000000d4500000| Untracked 
|  52|0x00000000d4600000, 0x00000000d4600000, 0x00000000d4700000|  0%| F|  |TAMS 0x00000000d4600000, 0x00000000d4600000| Untracked 
|  53|0x00000000d4700000, 0x00000000d4700000, 0x00000000d4800000|  0%| F|  |TAMS 0x00000000d4700000, 0x00000000d4700000| Untracked 
|  54|0x00000000d4800000, 0x00000000d4800000, 0x00000000d4900000|  0%| F|  |TAMS 0x00000000d4800000, 0x00000000d4800000| Untracked 
|  55|0x00000000d4900000, 0x00000000d4900000, 0x00000000d4a00000|  0%| F|  |TAMS 0x00000000d4900000, 0x00000000d4900000| Untracked 
|  56|0x00000000d4a00000, 0x00000000d4a00000, 0x00000000d4b00000|  0%| F|  |TAMS 0x00000000d4a00000, 0x00000000d4a00000| Untracked 
|  57|0x00000000d4b00000, 0x00000000d4b00000, 0x00000000d4c00000|  0%| F|  |TAMS 0x00000000d4b00000, 0x00000000d4b00000| Untracked 
|  58|0x00000000d4c00000, 0x00000000d4c00000, 0x00000000d4d00000|  0%| F|  |TAMS 0x00000000d4c00000, 0x00000000d4c00000| Untracked 
|  59|0x00000000d4d00000, 0x00000000d4d00000, 0x00000000d4e00000|  0%| F|  |TAMS 0x00000000d4d00000, 0x00000000d4d00000| Untracked 
|  60|0x00000000d4e00000, 0x00000000d4e00000, 0x00000000d4f00000|  0%| F|  |TAMS 0x00000000d4e00000, 0x00000000d4e00000| Untracked 
|  61|0x00000000d4f00000, 0x00000000d4f00000, 0x00000000d5000000|  0%| F|  |TAMS 0x00000000d4f00000, 0x00000000d4f00000| Untracked 
|  62|0x00000000d5000000, 0x00000000d5000000, 0x00000000d5100000|  0%| F|  |TAMS 0x00000000d5000000, 0x00000000d5000000| Untracked 
|  63|0x00000000d5100000, 0x00000000d5100000, 0x00000000d5200000|  0%| F|  |TAMS 0x00000000d5100000, 0x00000000d5100000| Untracked 
|  64|0x00000000d5200000, 0x00000000d5200000, 0x00000000d5300000|  0%| F|  |TAMS 0x00000000d5200000, 0x00000000d5200000| Untracked 
|  65|0x00000000d5300000, 0x00000000d5300000, 0x00000000d5400000|  0%| F|  |TAMS 0x00000000d5300000, 0x00000000d5300000| Untracked 
|  66|0x00000000d5400000, 0x00000000d5400000, 0x00000000d5500000|  0%| F|  |TAMS 0x00000000d5400000, 0x00000000d5400000| Untracked 
|  67|0x00000000d5500000, 0x00000000d5500000, 0x00000000d5600000|  0%| F|  |TAMS 0x00000000d5500000, 0x00000000d5500000| Untracked 
|  68|0x00000000d5600000, 0x00000000d5600000, 0x00000000d5700000|  0%| F|  |TAMS 0x00000000d5600000, 0x00000000d5600000| Untracked 
|  69|0x00000000d5700000, 0x00000000d5700000, 0x00000000d5800000|  0%| F|  |TAMS 0x00000000d5700000, 0x00000000d5700000| Untracked 
|  70|0x00000000d5800000, 0x00000000d5800000, 0x00000000d5900000|  0%| F|  |TAMS 0x00000000d5800000, 0x00000000d5800000| Untracked 
|  71|0x00000000d5900000, 0x00000000d5900000, 0x00000000d5a00000|  0%| F|  |TAMS 0x00000000d5900000, 0x00000000d5900000| Untracked 
|  72|0x00000000d5a00000, 0x00000000d5a00000, 0x00000000d5b00000|  0%| F|  |TAMS 0x00000000d5a00000, 0x00000000d5a00000| Untracked 
|  73|0x00000000d5b00000, 0x00000000d5b00000, 0x00000000d5c00000|  0%| F|  |TAMS 0x00000000d5b00000, 0x00000000d5b00000| Untracked 
|  74|0x00000000d5c00000, 0x00000000d5c00000, 0x00000000d5d00000|  0%| F|  |TAMS 0x00000000d5c00000, 0x00000000d5c00000| Untracked 
|  75|0x00000000d5d00000, 0x00000000d5d00000, 0x00000000d5e00000|  0%| F|  |TAMS 0x00000000d5d00000, 0x00000000d5d00000| Untracked 
|  76|0x00000000d5e00000, 0x00000000d5e00000, 0x00000000d5f00000|  0%| F|  |TAMS 0x00000000d5e00000, 0x00000000d5e00000| Untracked 
|  77|0x00000000d5f00000, 0x00000000d5f00000, 0x00000000d6000000|  0%| F|  |TAMS 0x00000000d5f00000, 0x00000000d5f00000| Untracked 
|  78|0x00000000d6000000, 0x00000000d6000000, 0x00000000d6100000|  0%| F|  |TAMS 0x00000000d6000000, 0x00000000d6000000| Untracked 
|  79|0x00000000d6100000, 0x00000000d6100000, 0x00000000d6200000|  0%| F|  |TAMS 0x00000000d6100000, 0x00000000d6100000| Untracked 
|  80|0x00000000d6200000, 0x00000000d6200000, 0x00000000d6300000|  0%| F|  |TAMS 0x00000000d6200000, 0x00000000d6200000| Untracked 
|  81|0x00000000d6300000, 0x00000000d6300000, 0x00000000d6400000|  0%| F|  |TAMS 0x00000000d6300000, 0x00000000d6300000| Untracked 
|  82|0x00000000d6400000, 0x00000000d6400000, 0x00000000d6500000|  0%| F|  |TAMS 0x00000000d6400000, 0x00000000d6400000| Untracked 
|  83|0x00000000d6500000, 0x00000000d6500000, 0x00000000d6600000|  0%| F|  |TAMS 0x00000000d6500000, 0x00000000d6500000| Untracked 
|  84|0x00000000d6600000, 0x00000000d6600000, 0x00000000d6700000|  0%| F|  |TAMS 0x00000000d6600000, 0x00000000d6600000| Untracked 
|  85|0x00000000d6700000, 0x00000000d6700000, 0x00000000d6800000|  0%| F|  |TAMS 0x00000000d6700000, 0x00000000d6700000| Untracked 
|  86|0x00000000d6800000, 0x00000000d6800000, 0x00000000d6900000|  0%| F|  |TAMS 0x00000000d6800000, 0x00000000d6800000| Untracked 
|  87|0x00000000d6900000, 0x00000000d6900000, 0x00000000d6a00000|  0%| F|  |TAMS 0x00000000d6900000, 0x00000000d6900000| Untracked 
|  88|0x00000000d6a00000, 0x00000000d6a00000, 0x00000000d6b00000|  0%| F|  |TAMS 0x00000000d6a00000, 0x00000000d6a00000| Untracked 
|  89|0x00000000d6b00000, 0x00000000d6b00000, 0x00000000d6c00000|  0%| F|  |TAMS 0x00000000d6b00000, 0x00000000d6b00000| Untracked 
|  90|0x00000000d6c00000, 0x00000000d6c00000, 0x00000000d6d00000|  0%| F|  |TAMS 0x00000000d6c00000, 0x00000000d6c00000| Untracked 
|  91|0x00000000d6d00000, 0x00000000d6d00000, 0x00000000d6e00000|  0%| F|  |TAMS 0x00000000d6d00000, 0x00000000d6d00000| Untracked 
|  92|0x00000000d6e00000, 0x00000000d6e00000, 0x00000000d6f00000|  0%| F|  |TAMS 0x00000000d6e00000, 0x00000000d6e00000| Untracked 
|  93|0x00000000d6f00000, 0x00000000d6f00000, 0x00000000d7000000|  0%| F|  |TAMS 0x00000000d6f00000, 0x00000000d6f00000| Untracked 
|  94|0x00000000d7000000, 0x00000000d7000000, 0x00000000d7100000|  0%| F|  |TAMS 0x00000000d7000000, 0x00000000d7000000| Untracked 
|  95|0x00000000d7100000, 0x00000000d7100000, 0x00000000d7200000|  0%| F|  |TAMS 0x00000000d7100000, 0x00000000d7100000| Untracked 
|  96|0x00000000d7200000, 0x00000000d7200000, 0x00000000d7300000|  0%| F|  |TAMS 0x00000000d7200000, 0x00000000d7200000| Untracked 
|  97|0x00000000d7300000, 0x00000000d7300000, 0x00000000d7400000|  0%| F|  |TAMS 0x00000000d7300000, 0x00000000d7300000| Untracked 
|  98|0x00000000d7400000, 0x00000000d7400000, 0x00000000d7500000|  0%| F|  |TAMS 0x00000000d7400000, 0x00000000d7400000| Untracked 
|  99|0x00000000d7500000, 0x00000000d7500000, 0x00000000d7600000|  0%| F|  |TAMS 0x00000000d7500000, 0x00000000d7500000| Untracked 
| 100|0x00000000d7600000, 0x00000000d7600000, 0x00000000d7700000|  0%| F|  |TAMS 0x00000000d7600000, 0x00000000d7600000| Untracked 
| 101|0x00000000d7700000, 0x00000000d7700000, 0x00000000d7800000|  0%| F|  |TAMS 0x00000000d7700000, 0x00000000d7700000| Untracked 
| 102|0x00000000d7800000, 0x00000000d7800000, 0x00000000d7900000|  0%| F|  |TAMS 0x00000000d7800000, 0x00000000d7800000| Untracked 
| 103|0x00000000d7900000, 0x00000000d7900000, 0x00000000d7a00000|  0%| F|  |TAMS 0x00000000d7900000, 0x00000000d7900000| Untracked 
| 104|0x00000000d7a00000, 0x00000000d7a00000, 0x00000000d7b00000|  0%| F|  |TAMS 0x00000000d7a00000, 0x00000000d7a00000| Untracked 
| 105|0x00000000d7b00000, 0x00000000d7b00000, 0x00000000d7c00000|  0%| F|  |TAMS 0x00000000d7b00000, 0x00000000d7b00000| Untracked 
| 106|0x00000000d7c00000, 0x00000000d7c00000, 0x00000000d7d00000|  0%| F|  |TAMS 0x00000000d7c00000, 0x00000000d7c00000| Untracked 
| 107|0x00000000d7d00000, 0x00000000d7d00000, 0x00000000d7e00000|  0%| F|  |TAMS 0x00000000d7d00000, 0x00000000d7d00000| Untracked 
| 108|0x00000000d7e00000, 0x00000000d7e00000, 0x00000000d7f00000|  0%| F|  |TAMS 0x00000000d7e00000, 0x00000000d7e00000| Untracked 
| 109|0x00000000d7f00000, 0x00000000d7f00000, 0x00000000d8000000|  0%| F|  |TAMS 0x00000000d7f00000, 0x00000000d7f00000| Untracked 
| 110|0x00000000d8000000, 0x00000000d8000000, 0x00000000d8100000|  0%| F|  |TAMS 0x00000000d8000000, 0x00000000d8000000| Untracked 
| 111|0x00000000d8100000, 0x00000000d8100000, 0x00000000d8200000|  0%| F|  |TAMS 0x00000000d8100000, 0x00000000d8100000| Untracked 
| 112|0x00000000d8200000, 0x00000000d8200000, 0x00000000d8300000|  0%| F|  |TAMS 0x00000000d8200000, 0x00000000d8200000| Untracked 
| 113|0x00000000d8300000, 0x00000000d8300000, 0x00000000d8400000|  0%| F|  |TAMS 0x00000000d8300000, 0x00000000d8300000| Untracked 
| 114|0x00000000d8400000, 0x00000000d8400000, 0x00000000d8500000|  0%| F|  |TAMS 0x00000000d8400000, 0x00000000d8400000| Untracked 
| 115|0x00000000d8500000, 0x00000000d8500000, 0x00000000d8600000|  0%| F|  |TAMS 0x00000000d8500000, 0x00000000d8500000| Untracked 
| 116|0x00000000d8600000, 0x00000000d8600000, 0x00000000d8700000|  0%| F|  |TAMS 0x00000000d8600000, 0x00000000d8600000| Untracked 
| 117|0x00000000d8700000, 0x00000000d8800000, 0x00000000d8800000|100%| S|CS|TAMS 0x00000000d8700000, 0x00000000d8700000| Complete 
| 118|0x00000000d8800000, 0x00000000d8900000, 0x00000000d8900000|100%| S|CS|TAMS 0x00000000d8800000, 0x00000000d8800000| Complete 
| 119|0x00000000d8900000, 0x00000000d8900000, 0x00000000d8a00000|  0%| F|  |TAMS 0x00000000d8900000, 0x00000000d8900000| Untracked 
| 120|0x00000000d8a00000, 0x00000000d8a00000, 0x00000000d8b00000|  0%| F|  |TAMS 0x00000000d8a00000, 0x00000000d8a00000| Untracked 
| 121|0x00000000d8b00000, 0x00000000d8b00000, 0x00000000d8c00000|  0%| F|  |TAMS 0x00000000d8b00000, 0x00000000d8b00000| Untracked 
| 122|0x00000000d8c00000, 0x00000000d8c00000, 0x00000000d8d00000|  0%| F|  |TAMS 0x00000000d8c00000, 0x00000000d8c00000| Untracked 
| 123|0x00000000d8d00000, 0x00000000d8d00000, 0x00000000d8e00000|  0%| F|  |TAMS 0x00000000d8d00000, 0x00000000d8d00000| Untracked 
| 124|0x00000000d8e00000, 0x00000000d8e00000, 0x00000000d8f00000|  0%| F|  |TAMS 0x00000000d8e00000, 0x00000000d8e00000| Untracked 
| 125|0x00000000d8f00000, 0x00000000d8f00000, 0x00000000d9000000|  0%| F|  |TAMS 0x00000000d8f00000, 0x00000000d8f00000| Untracked 
| 126|0x00000000d9000000, 0x00000000d9000000, 0x00000000d9100000|  0%| F|  |TAMS 0x00000000d9000000, 0x00000000d9000000| Untracked 
| 127|0x00000000d9100000, 0x00000000d91b3750, 0x00000000d9200000| 70%| E|  |TAMS 0x00000000d9100000, 0x00000000d9100000| Complete 

Card table byte_map: [0x00000273b5360000,0x00000273b54e0000] _byte_map_base: 0x00000273b4cd7000

Marking Bits (Prev, Next): (CMBitMap*) 0x00000273b56523b0, (CMBitMap*) 0x00000273b56523f0
 Prev Bits: [0x00000273c7ef0000, 0x00000273c8aa8000)
 Next Bits: [0x00000273c8ab0000, 0x00000273c9668000)

Polling page: 0x00000273b3430000

Metaspace:

Usage:
  Non-class:     16.53 MB used.
      Class:      1.98 MB used.
       Both:     18.51 MB used.

Virtual space:
  Non-class space:       24.00 MB reserved,      16.62 MB ( 69%) committed,  3 nodes.
      Class space:        1.00 GB reserved,       2.12 MB ( <1%) committed,  1 nodes.
             Both:        1.02 GB reserved,      18.75 MB (  2%) committed. 

Chunk freelists:
   Non-Class:  2.83 MB
       Class:  1.73 MB
        Both:  4.56 MB

MaxMetaspaceSize: unlimited
CompressedClassSpaceSize: 1.00 GB
Initial GC threshold: 21.00 MB
Current GC threshold: 21.00 MB
CDS: off
MetaspaceReclaimPolicy: balanced
 - commit_granule_bytes: 65536.
 - commit_granule_words: 8192.
 - virtual_space_node_default_size: 1048576.
 - enlarge_chunks_in_place: 1.
 - new_chunks_are_fully_committed: 0.
 - uncommit_free_chunks: 1.
 - use_allocation_guard: 0.
 - handle_deallocations: 1.


Internal statistics:

num_allocs_failed_limit: 0.
num_arena_births: 244.
num_arena_deaths: 0.
num_vsnodes_births: 4.
num_vsnodes_deaths: 0.
num_space_committed: 300.
num_space_uncommitted: 0.
num_chunks_returned_to_freelist: 0.
num_chunks_taken_from_freelist: 491.
num_chunk_merges: 0.
num_chunk_splits: 285.
num_chunks_enlarged: 146.
num_purges: 0.
num_inconsistent_stats: 0.

CodeHeap 'non-profiled nmethods': size=120064Kb used=434Kb max_used=434Kb free=119629Kb
 bounds [0x00000273c0830000, 0x00000273c0aa0000, 0x00000273c7d70000]
CodeHeap 'profiled nmethods': size=120000Kb used=2166Kb max_used=2166Kb free=117833Kb
 bounds [0x00000273b8d70000, 0x00000273b8fe0000, 0x00000273c02a0000]
CodeHeap 'non-nmethods': size=5696Kb used=1213Kb max_used=1227Kb free=4482Kb
 bounds [0x00000273c02a0000, 0x00000273c0510000, 0x00000273c0830000]
 total_blobs=1828 nmethods=1307 adapters=435
 compilation: enabled
              stopped_count=0, restarted_count=0
 full_count=0

Compilation events (20 events):
Event: 5.043 Thread 0x00000273cc41bef0 1297       3       java.util.stream.Sink$ChainedReference::cancellationRequested (10 bytes)
Event: 5.043 Thread 0x00000273cc41bef0 nmethod 1297 0x00000273b8f89410 code [0x00000273b8f895c0, 0x00000273b8f89788]
Event: 5.043 Thread 0x00000273cc41bef0 1298       3       java.lang.String::indexOf (64 bytes)
Event: 5.044 Thread 0x00000273cc41bef0 nmethod 1298 0x00000273b8f89890 code [0x00000273b8f89aa0, 0x00000273b8f89f68]
Event: 5.044 Thread 0x00000273cc41bef0 1301       3       java.util.ArrayList::indexOfRange (71 bytes)
Event: 5.044 Thread 0x00000273cc41bef0 nmethod 1301 0x00000273b8f8a110 code [0x00000273b8f8a2e0, 0x00000273b8f8a7a8]
Event: 5.045 Thread 0x00000273cc41bef0 1299       3       java.lang.StringLatin1::indexOf (25 bytes)
Event: 5.045 Thread 0x00000273cc41bef0 nmethod 1299 0x00000273b8f8a990 code [0x00000273b8f8ab40, 0x00000273b8f8ad48]
Event: 5.045 Thread 0x00000273cc41bef0 1300       3       com.mysql.cj.protocol.ExportControlled$$Lambda$144/0x00000001001a7690::test (12 bytes)
Event: 5.045 Thread 0x00000273cc41bef0 nmethod 1300 0x00000273b8f8ae10 code [0x00000273b8f8afe0, 0x00000273b8f8b3a8]
Event: 5.045 Thread 0x00000273cc41bef0 1302       3       java.util.ArrayList$ArrayListSpliterator::tryAdvance (79 bytes)
Event: 5.046 Thread 0x00000273cc41bef0 nmethod 1302 0x00000273b8f8b510 code [0x00000273b8f8b700, 0x00000273b8f8bc08]
Event: 5.046 Thread 0x00000273cc41bef0 1303       3       java.lang.String::contains (19 bytes)
Event: 5.046 Thread 0x00000273cc41bef0 nmethod 1303 0x00000273b8f8be10 code [0x00000273b8f8bfc0, 0x00000273b8f8c218]
Event: 5.049 Thread 0x00000273cc41bef0 1304       3       java.lang.Byte::<init> (10 bytes)
Event: 5.050 Thread 0x00000273cc41bef0 nmethod 1304 0x00000273b8f8c310 code [0x00000273b8f8c4c0, 0x00000273b8f8c698]
Event: 5.065 Thread 0x00000273cc4178a0 1305       4       java.lang.invoke.MemberName::getReferenceKind (12 bytes)
Event: 5.065 Thread 0x00000273cc41bef0 1306   !   3       jdk.internal.reflect.NativeConstructorAccessorImpl::newInstance (122 bytes)
Event: 5.065 Thread 0x00000273cc4178a0 nmethod 1305 0x00000273c089c110 code [0x00000273c089c280, 0x00000273c089c2f8]
Event: 5.067 Thread 0x00000273cc41bef0 nmethod 1306 0x00000273b8f8c790 code [0x00000273b8f8c9e0, 0x00000273b8f8d568]

GC Heap History (6 events):
Event: 1.045 GC heap before
{Heap before GC invocations=0 (full 0):
 garbage-first heap   total 131072K, used 5120K [0x00000000d1200000, 0x0000000100000000)
  region size 1024K, 6 young (6144K), 0 survivors (0K)
 Metaspace       used 10615K, committed 10816K, reserved 1064960K
  class space    used 1070K, committed 1152K, reserved 1048576K
}
Event: 1.051 GC heap after
{Heap after GC invocations=1 (full 0):
 garbage-first heap   total 131072K, used 3217K [0x00000000d1200000, 0x0000000100000000)
  region size 1024K, 1 young (1024K), 1 survivors (1024K)
 Metaspace       used 10615K, committed 10816K, reserved 1064960K
  class space    used 1070K, committed 1152K, reserved 1048576K
}
Event: 2.589 GC heap before
{Heap before GC invocations=1 (full 0):
 garbage-first heap   total 131072K, used 7313K [0x00000000d1200000, 0x0000000100000000)
  region size 1024K, 6 young (6144K), 1 survivors (1024K)
 Metaspace       used 13527K, committed 13760K, reserved 1064960K
  class space    used 1417K, committed 1536K, reserved 1048576K
}
Event: 2.622 GC heap after
{Heap after GC invocations=2 (full 0):
 garbage-first heap   total 131072K, used 3890K [0x00000000d1200000, 0x0000000100000000)
  region size 1024K, 1 young (1024K), 1 survivors (1024K)
 Metaspace       used 13527K, committed 13760K, reserved 1064960K
  class space    used 1417K, committed 1536K, reserved 1048576K
}
Event: 4.971 GC heap before
{Heap before GC invocations=2 (full 0):
 garbage-first heap   total 131072K, used 11058K [0x00000000d1200000, 0x0000000100000000)
  region size 1024K, 9 young (9216K), 1 survivors (1024K)
 Metaspace       used 18226K, committed 18432K, reserved 1073152K
  class space    used 1928K, committed 2048K, reserved 1048576K
}
Event: 4.978 GC heap after
{Heap after GC invocations=3 (full 0):
 garbage-first heap   total 131072K, used 5439K [0x00000000d1200000, 0x0000000100000000)
  region size 1024K, 2 young (2048K), 2 survivors (2048K)
 Metaspace       used 18226K, committed 18432K, reserved 1073152K
  class space    used 1928K, committed 2048K, reserved 1048576K
}

Dll operation events (1 events):
Event: 0.016 Loaded shared library C:\Users\Всеволод\AppData\Local\JetBrains\Toolbox\apps\IDEA-U\ch-0\231.9011.34\jbr\bin\java.dll

Deoptimization events (20 events):
Event: 2.278 Thread 0x00000273cffd3d40 DEOPT PACKING pc=0x00000273c085eab0 sp=0x000000ee4d3fd5b0
Event: 2.278 Thread 0x00000273cffd3d40 DEOPT UNPACKING pc=0x00000273c02f69a3 sp=0x000000ee4d3fd530 mode 2
Event: 2.571 Thread 0x00000273cffd3d40 DEOPT PACKING pc=0x00000273b8da0bd6 sp=0x000000ee4d3faae0
Event: 2.571 Thread 0x00000273cffd3d40 DEOPT UNPACKING pc=0x00000273c02f7143 sp=0x000000ee4d3f9f80 mode 0
Event: 2.572 Thread 0x00000273cffd3d40 DEOPT PACKING pc=0x00000273b8da0bd6 sp=0x000000ee4d3faae0
Event: 2.572 Thread 0x00000273cffd3d40 DEOPT UNPACKING pc=0x00000273c02f7143 sp=0x000000ee4d3f9f80 mode 0
Event: 2.573 Thread 0x00000273cffd3d40 DEOPT PACKING pc=0x00000273b8da0bd6 sp=0x000000ee4d3faae0
Event: 2.573 Thread 0x00000273cffd3d40 DEOPT UNPACKING pc=0x00000273c02f7143 sp=0x000000ee4d3f9f80 mode 0
Event: 2.573 Thread 0x00000273cffd3d40 DEOPT PACKING pc=0x00000273b8da0bd6 sp=0x000000ee4d3faae0
Event: 2.574 Thread 0x00000273cffd3d40 DEOPT UNPACKING pc=0x00000273c02f7143 sp=0x000000ee4d3f9f80 mode 0
Event: 2.576 Thread 0x00000273cffd3d40 DEOPT PACKING pc=0x00000273b8da0bd6 sp=0x000000ee4d3faae0
Event: 2.577 Thread 0x00000273cffd3d40 DEOPT UNPACKING pc=0x00000273c02f7143 sp=0x000000ee4d3f9f80 mode 0
Event: 2.577 Thread 0x00000273cffd3d40 DEOPT PACKING pc=0x00000273b8da0bd6 sp=0x000000ee4d3faae0
Event: 2.577 Thread 0x00000273cffd3d40 DEOPT UNPACKING pc=0x00000273c02f7143 sp=0x000000ee4d3f9f80 mode 0
Event: 3.258 Thread 0x00000273cffd3d40 DEOPT PACKING pc=0x00000273b8ec2f07 sp=0x000000ee4d3fccd0
Event: 3.258 Thread 0x00000273cffd3d40 DEOPT UNPACKING pc=0x00000273c02f7143 sp=0x000000ee4d3fc1b8 mode 0
Event: 4.874 Thread 0x00000273cffd3d40 Uncommon trap: trap_request=0xffffff45 fr.pc=0x00000273c0891e18 relative=0x00000000000001f8
Event: 4.874 Thread 0x00000273cffd3d40 Uncommon trap: reason=unstable_if action=reinterpret pc=0x00000273c0891e18 method=java.util.HashMap.putVal(ILjava/lang/Object;Ljava/lang/Object;ZZ)Ljava/lang/Object; @ 162 c2
Event: 4.874 Thread 0x00000273cffd3d40 DEOPT PACKING pc=0x00000273c0891e18 sp=0x000000ee4d3fa2c0
Event: 4.874 Thread 0x00000273cffd3d40 DEOPT UNPACKING pc=0x00000273c02f69a3 sp=0x000000ee4d3fa270 mode 2

Classes unloaded (0 events):
No events

Classes redefined (0 events):
No events

Internal exceptions (20 events):
Event: 0.600 Thread 0x00000273b561ab90 Exception <a 'java/lang/IncompatibleClassChangeError'{0x00000000d8ece970}: Found class java.lang.Object, but interface was expected> (0x00000000d8ece970) 
thrown [s\src\hotspot\share\interpreter\linkResolver.cpp, line 838]
Event: 0.602 Thread 0x00000273b561ab90 Exception <a 'java/lang/IncompatibleClassChangeError'{0x00000000d8ecfe50}: Found class java.lang.Object, but interface was expected> (0x00000000d8ecfe50) 
thrown [s\src\hotspot\share\interpreter\linkResolver.cpp, line 838]
Event: 0.602 Thread 0x00000273b561ab90 Exception <a 'java/lang/IncompatibleClassChangeError'{0x00000000d8ed0e08}: Found class java.lang.Object, but interface was expected> (0x00000000d8ed0e08) 
thrown [s\src\hotspot\share\interpreter\linkResolver.cpp, line 838]
Event: 0.736 Thread 0x00000273b561ab90 Exception <a 'java/lang/NoSuchMethodError'{0x00000000d8d91490}: 'java.lang.Object java.lang.invoke.DirectMethodHandle$Holder.invokeStaticInit(java.lang.Object, int, int, int, int)'> (0x00000000d8d91490) 
thrown [s\src\hotspot\share\interpreter\linkResolver.cpp, line 771]
Event: 0.842 Thread 0x00000273b561ab90 Exception <a 'java/lang/NoSuchMethodError'{0x00000000d8dc3828}: 'java.lang.Object java.lang.invoke.DirectMethodHandle$Holder.invokeStaticInit(java.lang.Object, java.lang.Object, int, int, int, int)'> (0x00000000d8dc3828) 
thrown [s\src\hotspot\share\interpreter\linkResolver.cpp, line 771]
Event: 1.112 Thread 0x00000273b561ab90 Exception <a 'java/lang/NoSuchMethodError'{0x00000000d91af2d0}: 'java.lang.Object java.lang.invoke.Invokers$Holder.linkToTargetMethod(java.lang.Object, long, java.lang.Object)'> (0x00000000d91af2d0) 
thrown [s\src\hotspot\share\interpreter\linkResolver.cpp, line 771]
Event: 1.467 Thread 0x00000273cffd3d40 Exception <a 'java/lang/NoSuchMethodError'{0x00000000d90c53a0}: static [B.<clinit>()V> (0x00000000d90c53a0) 
thrown [s\src\hotspot\share\prims\jni.cpp, line 1108]
Event: 1.467 Thread 0x00000273cffd4210 Exception <a 'java/lang/NoSuchMethodError'{0x00000000d90c75a0}: static [B.<clinit>()V> (0x00000000d90c75a0) 
thrown [s\src\hotspot\share\prims\jni.cpp, line 1108]
Event: 2.212 Thread 0x00000273cffd3d40 Exception <a 'java/lang/NoSuchMethodError'{0x00000000d8f00fb8}: static [Ljava/rmi/server/ObjID;.<clinit>()V> (0x00000000d8f00fb8) 
thrown [s\src\hotspot\share\prims\jni.cpp, line 1108]
Event: 2.218 Thread 0x00000273cffd2060 Exception <a 'java/lang/InterruptedException'{0x00000000d8f0d078}> (0x00000000d8f0d078) 
thrown [s\src\hotspot\share\runtime\objectMonitor.cpp, line 1648]
Event: 2.219 Thread 0x00000273cffd3d40 Exception <a 'java/lang/NoSuchMethodError'{0x00000000d8f08e98}: 'void java.lang.invoke.DirectMethodHandle$Holder.invokeSpecial(java.lang.Object, java.lang.Object, java.lang.Object)'> (0x00000000d8f08e98) 
thrown [s\src\hotspot\share\interpreter\linkResolver.cpp, line 771]
Event: 2.220 Thread 0x00000273cffd3d40 Exception <a 'java/lang/NoSuchMethodError'{0x00000000d8f0c400}: 'void java.lang.invoke.Invokers$Holder.invoke_MT(java.lang.Object, java.lang.Object, java.lang.Object)'> (0x00000000d8f0c400) 
thrown [s\src\hotspot\share\interpreter\linkResolver.cpp, line 771]
Event: 2.220 Thread 0x00000273cffd2060 Exception <a 'java/lang/NoSuchMethodError'{0x00000000d8f15b98}: 'java.lang.Object java.lang.invoke.DirectMethodHandle$Holder.newInvokeSpecial(java.lang.Object, java.lang.Object, int, java.lang.Object, long)'> (0x00000000d8f15b98) 
thrown [s\src\hotspot\share\interpreter\linkResolver.cpp, line 771]
Event: 2.537 Thread 0x00000273cffd3d40 Exception <a 'java/lang/NoSuchMethodError'{0x00000000d8d90e80}: 'java.lang.Object java.lang.invoke.DirectMethodHandle$Holder.invokeInterface(java.lang.Object, java.lang.Object)'> (0x00000000d8d90e80) 
thrown [s\src\hotspot\share\interpreter\linkResolver.cpp, line 771]
Event: 2.742 Thread 0x00000273cffd3d40 Exception <a 'java/lang/NoSuchMethodError'{0x00000000d91269f0}: 'java.lang.Object java.lang.invoke.DirectMethodHandle$Holder.invokeVirtual(java.lang.Object, java.lang.Object, java.lang.Object)'> (0x00000000d91269f0) 
thrown [s\src\hotspot\share\interpreter\linkResolver.cpp, line 771]
Event: 3.265 Thread 0x00000273cffd3d40 Exception <a 'java/lang/NoSuchMethodError'{0x00000000d8d55d08}: 'void java.lang.invoke.DirectMethodHandle$Holder.invokeStaticInit(java.lang.Object, java.lang.Object)'> (0x00000000d8d55d08) 
thrown [s\src\hotspot\share\interpreter\linkResolver.cpp, line 771]
Event: 4.006 Thread 0x00000273cffd3d40 Exception <a 'sun/nio/fs/WindowsException'{0x00000000d8a140d8}> (0x00000000d8a140d8) 
thrown [s\src\hotspot\share\prims\jni.cpp, line 517]
Event: 4.258 Thread 0x00000273cffd3d40 Exception <a 'java/lang/NoSuchMethodError'{0x00000000d8a38c18}: 'int java.lang.invoke.DirectMethodHandle$Holder.invokeStaticInit(java.lang.Object, java.lang.Object, java.lang.Object, java.lang.Object)'> (0x00000000d8a38c18) 
thrown [s\src\hotspot\share\interpreter\linkResolver.cpp, line 771]
Event: 4.261 Thread 0x00000273cffd3d40 Exception <a 'java/lang/IncompatibleClassChangeError'{0x00000000d8a46850}: Found class java.lang.Object, but interface was expected> (0x00000000d8a46850) 
thrown [s\src\hotspot\share\interpreter\linkResolver.cpp, line 838]
Event: 4.272 Thread 0x00000273cffd3d40 Exception <a 'java/lang/NoSuchMethodError'{0x00000000d8a4bcf8}: 'int java.lang.invoke.DirectMethodHandle$Holder.invokeStaticInit(java.lang.Object, java.lang.Object)'> (0x00000000d8a4bcf8) 
thrown [s\src\hotspot\share\interpreter\linkResolver.cpp, line 771]

VM Operations (20 events):
Event: 0.321 Executing VM operation: HandshakeAllThreads
Event: 0.321 Executing VM operation: HandshakeAllThreads done
Event: 0.457 Executing VM operation: HandshakeAllThreads
Event: 0.457 Executing VM operation: HandshakeAllThreads done
Event: 0.628 Executing VM operation: HandshakeAllThreads
Event: 0.628 Executing VM operation: HandshakeAllThreads done
Event: 1.045 Executing VM operation: G1CollectForAllocation
Event: 1.051 Executing VM operation: G1CollectForAllocation done
Event: 2.052 Executing VM operation: Cleanup
Event: 2.052 Executing VM operation: Cleanup done
Event: 2.280 Executing VM operation: HandshakeAllThreads
Event: 2.280 Executing VM operation: HandshakeAllThreads done
Event: 2.589 Executing VM operation: G1CollectForAllocation
Event: 2.622 Executing VM operation: G1CollectForAllocation done
Event: 3.622 Executing VM operation: Cleanup
Event: 3.630 Executing VM operation: Cleanup done
Event: 4.059 Executing VM operation: HandshakeAllThreads
Event: 4.059 Executing VM operation: HandshakeAllThreads done
Event: 4.971 Executing VM operation: G1CollectForAllocation
Event: 4.979 Executing VM operation: G1CollectForAllocation done

Events (20 events):
Event: 5.072 loading class sun/security/ssl/SignatureAlgorithmsExtension$SignatureSchemesStringizer done
Event: 5.072 loading class sun/security/ssl/SupportedVersionsExtension
Event: 5.072 loading class sun/security/ssl/SupportedVersionsExtension done
Event: 5.072 loading class sun/security/ssl/SupportedVersionsExtension$CHSupportedVersionsProducer
Event: 5.072 loading class sun/security/ssl/SupportedVersionsExtension$CHSupportedVersionsProducer done
Event: 5.072 loading class sun/security/ssl/SupportedVersionsExtension$CHSupportedVersionsConsumer
Event: 5.072 loading class sun/security/ssl/SupportedVersionsExtension$CHSupportedVersionsConsumer done
Event: 5.072 loading class sun/security/ssl/SupportedVersionsExtension$CHSupportedVersionsStringizer
Event: 5.072 loading class sun/security/ssl/SupportedVersionsExtension$CHSupportedVersionsStringizer done
Event: 5.072 loading class sun/security/ssl/SupportedVersionsExtension$SHSupportedVersionsProducer
Event: 5.073 loading class sun/security/ssl/SupportedVersionsExtension$SHSupportedVersionsProducer done
Event: 5.073 loading class sun/security/ssl/SupportedVersionsExtension$SHSupportedVersionsConsumer
Event: 5.073 loading class sun/security/ssl/SupportedVersionsExtension$SHSupportedVersionsConsumer done
Event: 5.073 loading class sun/security/ssl/SupportedVersionsExtension$SHSupportedVersionsStringizer
Event: 5.073 loading class sun/security/ssl/SupportedVersionsExtension$SHSupportedVersionsStringizer done
Event: 5.073 loading class sun/security/ssl/SupportedVersionsExtension$HRRSupportedVersionsProducer
Event: 5.073 loading class sun/security/ssl/SupportedVersionsExtension$HRRSupportedVersionsProducer done
Event: 5.073 loading class sun/security/ssl/SupportedVersionsExtension$HRRSupportedVersionsConsumer
Event: 5.073 loading class sun/security/ssl/SupportedVersionsExtension$HRRSupportedVersionsConsumer done
Event: 5.073 loading class sun/security/ssl/SupportedVersionsExtension$HRRSupportedVersionsReproducer


Dynamic libraries:
0x00007ff60dd40000 - 0x00007ff60dd4a000 	C:\Users\Всеволод\AppData\Local\JetBrains\Toolbox\apps\IDEA-U\ch-0\231.9011.34\jbr\bin\java.exe
0x00007ffa1c610000 - 0x00007ffa1c808000 	C:\WINDOWS\SYSTEM32\ntdll.dll
0x00007ffa1af10000 - 0x00007ffa1afcf000 	C:\WINDOWS\System32\KERNEL32.DLL
0x00007ffa1a2d0000 - 0x00007ffa1a5c6000 	C:\WINDOWS\System32\KERNELBASE.dll
0x00007ffa19e10000 - 0x00007ffa19f10000 	C:\WINDOWS\System32\ucrtbase.dll
0x00007ffa15290000 - 0x00007ffa152ab000 	C:\Users\Всеволод\AppData\Local\JetBrains\Toolbox\apps\IDEA-U\ch-0\231.9011.34\jbr\bin\VCRUNTIME140.dll
0x00007ffa00ed0000 - 0x00007ffa00ee7000 	C:\Users\Всеволод\AppData\Local\JetBrains\Toolbox\apps\IDEA-U\ch-0\231.9011.34\jbr\bin\jli.dll
0x00007ffa1aa40000 - 0x00007ffa1abdd000 	C:\WINDOWS\System32\USER32.dll
0x00007ffa19d40000 - 0x00007ffa19d62000 	C:\WINDOWS\System32\win32u.dll
0x00007ffa1c210000 - 0x00007ffa1c23c000 	C:\WINDOWS\System32\GDI32.dll
0x00007ffa19f10000 - 0x00007ffa1a025000 	C:\WINDOWS\System32\gdi32full.dll
0x00007ffa09240000 - 0x00007ffa094da000 	C:\WINDOWS\WinSxS\amd64_microsoft.windows.common-controls_6595b64144ccf1df_6.0.19041.1110_none_60b5254171f9507e\COMCTL32.dll
0x00007ffa1a5d0000 - 0x00007ffa1a66d000 	C:\WINDOWS\System32\msvcp_win.dll
0x00007ffa1c170000 - 0x00007ffa1c20e000 	C:\WINDOWS\System32\msvcrt.dll
0x00007ffa1afd0000 - 0x00007ffa1b000000 	C:\WINDOWS\System32\IMM32.DLL
0x0000000051d30000 - 0x0000000051d3c000 	C:\Program Files (x86)\360\Total Security\safemon\SafeWrapper.dll
0x00007ffa1b0e0000 - 0x00007ffa1b18f000 	C:\WINDOWS\System32\ADVAPI32.dll
0x00007ffa1c0d0000 - 0x00007ffa1c16c000 	C:\WINDOWS\System32\sechost.dll
0x00007ffa1baa0000 - 0x00007ffa1bbc6000 	C:\WINDOWS\System32\RPCRT4.dll
0x00007ff9eeba0000 - 0x00007ff9eec32000 	C:\Program Files (x86)\360\Total Security\safemon\libzdtp64.dll
0x00007ffa1b350000 - 0x00007ffa1ba94000 	C:\WINDOWS\System32\SHELL32.dll
0x00007ffa1c240000 - 0x00007ffa1c295000 	C:\WINDOWS\System32\SHLWAPI.dll
0x00007ffa19a40000 - 0x00007ffa19a4a000 	C:\WINDOWS\SYSTEM32\VERSION.dll
0x00007ffa15280000 - 0x00007ffa1528c000 	C:\Users\Всеволод\AppData\Local\JetBrains\Toolbox\apps\IDEA-U\ch-0\231.9011.34\jbr\bin\vcruntime140_1.dll
0x00007ff9f6df0000 - 0x00007ff9f6e7d000 	C:\Users\Всеволод\AppData\Local\JetBrains\Toolbox\apps\IDEA-U\ch-0\231.9011.34\jbr\bin\msvcp140.dll
0x00007ff9b1d50000 - 0x00007ff9b29be000 	C:\Users\Всеволод\AppData\Local\JetBrains\Toolbox\apps\IDEA-U\ch-0\231.9011.34\jbr\bin\server\jvm.dll
0x00007ffa11820000 - 0x00007ffa11847000 	C:\WINDOWS\SYSTEM32\WINMM.dll
0x00007ffa0b6a0000 - 0x00007ffa0b6a9000 	C:\WINDOWS\SYSTEM32\WSOCK32.dll
0x00007ffa1c060000 - 0x00007ffa1c0cb000 	C:\WINDOWS\System32\WS2_32.dll
0x00007ffa17a50000 - 0x00007ffa17a62000 	C:\WINDOWS\SYSTEM32\kernel.appcore.dll
0x00007ffa15590000 - 0x00007ffa1559a000 	C:\Users\Всеволод\AppData\Local\JetBrains\Toolbox\apps\IDEA-U\ch-0\231.9011.34\jbr\bin\jimage.dll
0x00007ffa0b6b0000 - 0x00007ffa0b894000 	C:\WINDOWS\SYSTEM32\DBGHELP.DLL
0x00007ffa090f0000 - 0x00007ffa09124000 	C:\WINDOWS\SYSTEM32\dbgcore.DLL
0x00007ffa1a240000 - 0x00007ffa1a2c2000 	C:\WINDOWS\System32\bcryptPrimitives.dll
0x00007ffa02bb0000 - 0x00007ffa02bd5000 	C:\Users\Всеволод\AppData\Local\JetBrains\Toolbox\apps\IDEA-U\ch-0\231.9011.34\jbr\bin\java.dll
0x00007ffa02cd0000 - 0x00007ffa02ce8000 	C:\Users\Всеволод\AppData\Local\JetBrains\Toolbox\apps\IDEA-U\ch-0\231.9011.34\jbr\bin\zip.dll
0x00007ffa17d30000 - 0x00007ffa184c3000 	C:\WINDOWS\SYSTEM32\windows.storage.dll
0x00007ffa1a6e0000 - 0x00007ffa1aa34000 	C:\WINDOWS\System32\combase.dll
0x00007ffa19680000 - 0x00007ffa196ae000 	C:\WINDOWS\SYSTEM32\Wldp.dll
0x00007ffa1ae60000 - 0x00007ffa1af0d000 	C:\WINDOWS\System32\SHCORE.dll
0x00007ffa19c30000 - 0x00007ffa19c4f000 	C:\WINDOWS\SYSTEM32\profapi.dll
0x00007ffa00f10000 - 0x00007ffa00f29000 	C:\Users\Всеволод\AppData\Local\JetBrains\Toolbox\apps\IDEA-U\ch-0\231.9011.34\jbr\bin\net.dll
0x00007ffa10440000 - 0x00007ffa1054a000 	C:\WINDOWS\SYSTEM32\WINHTTP.dll
0x00007ffa19350000 - 0x00007ffa193ba000 	C:\WINDOWS\system32\mswsock.dll
0x00007ffa00ef0000 - 0x00007ffa00f06000 	C:\Users\Всеволод\AppData\Local\JetBrains\Toolbox\apps\IDEA-U\ch-0\231.9011.34\jbr\bin\nio.dll
0x00007ffa19040000 - 0x00007ffa1907c000 	C:\WINDOWS\SYSTEM32\IPHLPAPI.DLL
0x00007ffa1ae50000 - 0x00007ffa1ae58000 	C:\WINDOWS\System32\NSI.dll
0x00007ffa107a0000 - 0x00007ffa107b7000 	C:\WINDOWS\SYSTEM32\dhcpcsvc6.DLL
0x00007ffa10af0000 - 0x00007ffa10b0d000 	C:\WINDOWS\SYSTEM32\dhcpcsvc.DLL
0x00007ffa19080000 - 0x00007ffa1914a000 	C:\WINDOWS\SYSTEM32\DNSAPI.dll
0x00007ffa19540000 - 0x00007ffa19558000 	C:\WINDOWS\SYSTEM32\CRYPTSP.dll
0x00007ffa18c70000 - 0x00007ffa18ca4000 	C:\WINDOWS\system32\rsaenh.dll
0x00007ffa19d70000 - 0x00007ffa19d97000 	C:\WINDOWS\System32\bcrypt.dll
0x00007ffa19bb0000 - 0x00007ffa19bde000 	C:\WINDOWS\SYSTEM32\USERENV.dll
0x00007ffa19560000 - 0x00007ffa1956c000 	C:\WINDOWS\SYSTEM32\CRYPTBASE.dll
0x00007ff9f8000000 - 0x00007ff9f8007000 	C:\Users\Всеволод\AppData\Local\JetBrains\Toolbox\apps\IDEA-U\ch-0\231.9011.34\jbr\bin\rmi.dll
0x00007ffa0dd60000 - 0x00007ffa0dd6a000 	C:\Windows\System32\rasadhlp.dll
0x00007ffa0ddf0000 - 0x00007ffa0de72000 	C:\WINDOWS\System32\fwpuclnt.dll
0x00007ffa13010000 - 0x00007ffa1301e000 	C:\Users\Всеволод\AppData\Local\JetBrains\Toolbox\apps\IDEA-U\ch-0\231.9011.34\jbr\bin\sunmscapi.dll
0x00007ffa1a0e0000 - 0x00007ffa1a23e000 	C:\WINDOWS\System32\CRYPT32.dll
0x00007ffa19740000 - 0x00007ffa19768000 	C:\WINDOWS\SYSTEM32\ncrypt.dll
0x00007ffa19700000 - 0x00007ffa1973b000 	C:\WINDOWS\SYSTEM32\NTASN1.dll

dbghelp: loaded successfully - version: 4.0.5 - missing functions: none
symbol engine: initialized successfully - sym options: 0x614 - pdb path: .;C:\Users\Всеволод\AppData\Local\JetBrains\Toolbox\apps\IDEA-U\ch-0\231.9011.34\jbr\bin;C:\WINDOWS\SYSTEM32;C:\WINDOWS\WinSxS\amd64_microsoft.windows.common-controls_6595b64144ccf1df_6.0.19041.1110_none_60b5254171f9507e;C:\Program Files (x86)\360\Total Security\safemon;C:\Users\Всеволод\AppData\Local\JetBrains\Toolbox\apps\IDEA-U\ch-0\231.9011.34\jbr\bin\server

VM Arguments:
jvm_args: -Djava.rmi.server.hostname=127.0.0.1 -Duser.timezone=UTC -Xmx750m -Xms128m --add-exports=java.desktop/sun.awt=ALL-UNNAMED --add-exports=java.desktop/java.awt.peer=ALL-UNNAMED --add-opens=java.desktop/java.awt=ALL-UNNAMED --add-opens=jdk.unsupported/sun.misc=ALL-UNNAMED --add-opens=java.base/java.nio=ALL-UNNAMED --add-opens=java.base/java.util=ALL-UNNAMED -Dfile.encoding=UTF-8 
java_command: com.intellij.database.remote.RemoteJdbcServer com.mysql.cj.jdbc.Driver
java_class_path (initial): C:\Users\Всеволод\AppData\Local\JetBrains\Toolbox\apps\IDEA-U\ch-0\231.9011.34\lib\util_rt.jar;C:\Users\Всеволод\AppData\Local\JetBrains\Toolbox\apps\IDEA-U\ch-0\231.9011.34\lib\util-8.jar;C:\Users\Всеволод\AppData\Local\JetBrains\Toolbox\apps\IDEA-U\ch-0\231.9011.34\lib\groovy.jar;C:\Users\Всеволод\AppData\Local\JetBrains\Toolbox\apps\IDEA-U\ch-0\231.9011.34\plugins\DatabaseTools\lib\jdbc-console.jar;C:\Users\Всеволод\AppData\Local\JetBrains\Toolbox\apps\IDEA-U\ch-0\231.9011.34\plugins\grid-core-impl\lib\jdbc-console-types.jar;C:\Users\Всеволод\AppData\Local\JetBrains\Toolbox\apps\IDEA-U\ch-0\231.9011.34\lib\util.jar;C:\Users\Всеволод\AppData\Roaming\JetBrains\IntelliJIdea2023.1\jdbc-drivers\MySQL ConnectorJ\8.0.25\mysql-connector-java-8.0.25.jar
Launcher Type: SUN_STANDARD

[Global flags]
     intx CICompilerCount                          = 2                                         {product} {ergonomic}
     uint ConcGCThreads                            = 1                                         {product} {ergonomic}
     uint G1ConcRefinementThreads                  = 2                                         {product} {ergonomic}
   size_t G1HeapRegionSize                         = 1048576                                   {product} {ergonomic}
    uintx GCDrainStackTargetSize                   = 64                                        {product} {ergonomic}
   size_t InitialHeapSize                          = 134217728                                 {product} {command line}
   size_t MarkStackSize                            = 4194304                                   {product} {ergonomic}
   size_t MaxHeapSize                              = 786432000                                 {product} {command line}
   size_t MaxNewSize                               = 471859200                                 {product} {ergonomic}
   size_t MinHeapDeltaBytes                        = 1048576                                   {product} {ergonomic}
   size_t MinHeapSize                              = 134217728                                 {product} {command line}
    uintx NonNMethodCodeHeapSize                   = 5826188                                {pd product} {ergonomic}
    uintx NonProfiledCodeHeapSize                  = 122916026                              {pd product} {ergonomic}
    uintx ProfiledCodeHeapSize                     = 122916026                              {pd product} {ergonomic}
    uintx ReservedCodeCacheSize                    = 251658240                              {pd product} {ergonomic}
     bool SegmentedCodeCache                       = true                                      {product} {ergonomic}
   size_t SoftMaxHeapSize                          = 786432000                              {manageable} {ergonomic}
     bool UseCompressedClassPointers               = true                           {product lp64_product} {ergonomic}
     bool UseCompressedOops                        = true                           {product lp64_product} {ergonomic}
     bool UseG1GC                                  = true                                      {product} {ergonomic}
     bool UseLargePagesIndividualAllocation        = false                                  {pd product} {ergonomic}

Logging:
Log output configuration:
 #0: stdout all=warning uptime,level,tags
 #1: stderr all=off uptime,level,tags

Environment Variables:
JAVA_HOME=C:\Program Files\Java\jdk1.8.0_321
PATH=C:\Program Files (x86)\Common Files\Oracle\Java\javapath;C:\WINDOWS\system32;C:\WINDOWS;C:\WINDOWS\System32\Wbem;C:\WINDOWS\System32\WindowsPowerShell\v1.0\;C:\WINDOWS\System32\OpenSSH\;C:\Program Files\Git\cmd;C:\Program Files\MySQL\MySQL Shell 8.0\bin\;C:\Users\Всеволод\AppData\Local\Microsoft\WindowsApps;C:\Microsoft VS Code\bin;C:\Program Files\JetBrains\IntelliJ IDEA Community Edition 2021.3.2\bin;C:\Program Files\Java\jdk1.8.0_321\bin;C:\Program Files\JetBrains\IntelliJ IDEA 2022.2.1\bin;C:\Users\Всеволод\AppData\Local\JetBrains\Toolbox\scripts;
USERNAME=Всеволод
OS=Windows_NT
PROCESSOR_IDENTIFIER=AMD64 Family 21 Model 112 Stepping 0, AuthenticAMD
TMP=C:\Users\BC47~1\AppData\Local\Temp
TEMP=C:\Users\BC47~1\AppData\Local\Temp


JNI global refs:
JNI global refs: 17, weak refs: 0

JNI global refs memory usage: 843, weak refs: 841


---------------  S Y S T E M  ---------------

OS:
 Windows 10 , 64 bit Build 19041 (10.0.19041.3031)
OS uptime: 1 days 18:58 hours

CPU: total 2 (initial active 2) (2 cores per cpu, 1 threads per core) family 21 model 112 stepping 0 microcode 0x0, cx8, cmov, fxsr, mmx, 3dnowpref, sse, sse2, sse3, ssse3, sse4a, sse4.1, sse4.2, popcnt, lzcnt, tsc, tscinvbit, avx, avx2, aes, clmul, bmi1, bmi2, fma, vzeroupper, clflush

Memory: 4k page, system-wide physical 7638M (1019M free)
TotalPageFile size 9686M (AvailPageFile size 2M)
current process WorkingSet (physical memory assigned to process): 76M, peak: 76M
current process commit charge ("private bytes"): 214M, peak: 214M

vm_info: OpenJDK 64-Bit Server VM (17.0.6+10-b829.9) for windows-amd64 JRE (17.0.6+10-b829.9), built on 2023-04-09 by "builduser" with MS VC++ 16.10 / 16.11 (VS2019)

END.
