#
# There is insufficient memory for the Java Runtime Environment to continue.
# Native memory allocation (mmap) failed to map 134217728 bytes for G1 virtual space
# Possible reasons:
#   The system is out of physical RAM or swap space
#   The process is running with CompressedOops enabled, and the Java Heap may be blocking the growth of the native heap
# Possible solutions:
#   Reduce memory load on the system
#   Increase physical memory or swap space
#   Check if swap backing store is full
#   Decrease Java heap size (-Xmx/-Xms)
#   Decrease number of Java threads
#   Decrease Java thread stack sizes (-Xss)
#   Set larger code cache with -XX:ReservedCodeCacheSize=
#   JVM is running with Unscaled Compressed Oops mode in which the Java heap is
#     placed in the first 4GB address space. The Java Heap base address is the
#     maximum limit for the native heap growth. Please use -XX:HeapBaseMinAddress
#     to set the Java Heap base and to place the Java Heap above 4GB virtual address.
# This output file may be truncated or incomplete.
#
#  Out of Memory Error (os_windows.cpp:3769), pid=3728, tid=10056
#
# JRE version:  (17.0.6+10) (build )
# Java VM: OpenJDK 64-Bit Server VM (17.0.6+10-b829.9, mixed mode, sharing, tiered, compressed oops, compressed class ptrs, g1 gc, windows-amd64)
# No core dump will be written. Minidumps are not enabled by default on client versions of Windows
#

---------------  S U M M A R Y ------------

Command Line: -Djava.rmi.server.hostname=127.0.0.1 -Duser.timezone=UTC -Xmx750m -Xms128m --add-exports=java.desktop/sun.awt=ALL-UNNAMED --add-exports=java.desktop/java.awt.peer=ALL-UNNAMED --add-opens=java.desktop/java.awt=ALL-UNNAMED --add-opens=jdk.unsupported/sun.misc=ALL-UNNAMED --add-opens=java.base/java.nio=ALL-UNNAMED --add-opens=java.base/java.util=ALL-UNNAMED -Dfile.encoding=UTF-8 com.intellij.database.remote.RemoteJdbcServer com.mysql.cj.jdbc.Driver

Host: AMD A6-9225 RADEON R4, 5 COMPUTE CORES 2C+3G   , 2 cores, 7G,  Windows 10 , 64 bit Build 19041 (10.0.19041.3031)
Time: Mon Jun 12 17:12:58 2023 RTZ 4 (s 10 , 64 bit Build 19041 (10.0.19041.3031) elapsed time: 0.079858 seconds (0d 0h 0m 0s)

---------------  T H R E A D  ---------------

Current thread (0x000001bffb93a7b0):  JavaThread "Unknown thread" [_thread_in_vm, id=10056, stack(0x0000001c55200000,0x0000001c55300000)]

Stack: [0x0000001c55200000,0x0000001c55300000]
Native frames: (J=compiled Java code, j=interpreted, Vv=VM code, C=native code)
V  [jvm.dll+0x683c5a]
V  [jvm.dll+0x842764]
V  [jvm.dll+0x843f5e]
V  [jvm.dll+0x8445c3]
V  [jvm.dll+0x249b75]
V  [jvm.dll+0x680b29]
V  [jvm.dll+0x67501a]
V  [jvm.dll+0x309acb]
V  [jvm.dll+0x310f86]
V  [jvm.dll+0x3608ee]
V  [jvm.dll+0x360b1f]
V  [jvm.dll+0x2dfbf8]
V  [jvm.dll+0x2e0b64]
V  [jvm.dll+0x814051]
V  [jvm.dll+0x36e6a1]
V  [jvm.dll+0x7f358c]
V  [jvm.dll+0x3f0e8f]
V  [jvm.dll+0x3f29d1]
C  [jli.dll+0x526b]
C  [ucrtbase.dll+0x21bb2]
C  [KERNEL32.DLL+0x17614]
C  [ntdll.dll+0x526f1]


---------------  P R O C E S S  ---------------

Threads class SMR info:
_java_thread_list=0x00007ff9b288c058, length=0, elements={
}

Java Threads: ( => current thread )

Other Threads:
  0x000001bffb96fff0 GCTaskThread "GC Thread#0" [stack: 0x0000001c55300000,0x0000001c55400000] [id=656]
  0x000001bffb977c10 ConcurrentGCThread "G1 Main Marker" [stack: 0x0000001c55400000,0x0000001c55500000] [id=14752]
  0x000001bffb978530 ConcurrentGCThread "G1 Conc#0" [stack: 0x0000001c55500000,0x0000001c55600000] [id=15092]

[error occurred during error reporting (printing all threads), id 0xc0000005, EXCEPTION_ACCESS_VIOLATION (0xc0000005) at pc=0x00007ff9b2040797]

VM state: not at safepoint (not fully initialized)

VM Mutex/Monitor currently owned by a thread:  ([mutex/lock_event])
[0x000001bffb9367b0] Heap_lock - owner thread: 0x000001bffb93a7b0

Heap address: 0x00000000d1200000, size: 750 MB, Compressed Oops mode: 32-bit

CDS archive(s) mapped at: [0x0000000000000000-0x0000000000000000-0x0000000000000000), size 0, SharedBaseAddress: 0x0000000800000000, ArchiveRelocationMode: 0.
Narrow klass base: 0x0000000000000000, Narrow klass shift: 0, Narrow klass range: 0x0

GC Precious Log:
<Empty>

Heap:
 garbage-first heap   total 0K, used 0K [0x00000000d1200000, 0x0000000100000000)
  region size 1024K, 0 young (0K), 0 survivors (0K)

[error occurred during error reporting (printing heap information), id 0xc0000005, EXCEPTION_ACCESS_VIOLATION (0xc0000005) at pc=0x00007ff9b242da49]

GC Heap History (0 events):
No events

Dll operation events (1 events):
Event: 0.050 Loaded shared library C:\Users\Всеволод\AppData\Local\JetBrains\Toolbox\apps\IDEA-U\ch-0\231.9011.34\jbr\bin\java.dll

Deoptimization events (0 events):
No events

Classes unloaded (0 events):
No events

Classes redefined (0 events):
No events

Internal exceptions (0 events):
No events

VM Operations (0 events):
No events

Events (0 events):
No events


Dynamic libraries:
0x00007ff60dd40000 - 0x00007ff60dd4a000 	C:\Users\Всеволод\AppData\Local\JetBrains\Toolbox\apps\IDEA-U\ch-0\231.9011.34\jbr\bin\java.exe
0x00007ffa1c610000 - 0x00007ffa1c808000 	C:\WINDOWS\SYSTEM32\ntdll.dll
0x00007ffa1af10000 - 0x00007ffa1afcf000 	C:\WINDOWS\System32\KERNEL32.DLL
0x00007ffa1a2d0000 - 0x00007ffa1a5c6000 	C:\WINDOWS\System32\KERNELBASE.dll
0x00007ffa19e10000 - 0x00007ffa19f10000 	C:\WINDOWS\System32\ucrtbase.dll
0x00007ff9f6de0000 - 0x00007ff9f6dfb000 	C:\Users\Всеволод\AppData\Local\JetBrains\Toolbox\apps\IDEA-U\ch-0\231.9011.34\jbr\bin\VCRUNTIME140.dll
0x00007ffa00ed0000 - 0x00007ffa00ee7000 	C:\Users\Всеволод\AppData\Local\JetBrains\Toolbox\apps\IDEA-U\ch-0\231.9011.34\jbr\bin\jli.dll
0x00007ffa1aa40000 - 0x00007ffa1abdd000 	C:\WINDOWS\System32\USER32.dll
0x00007ffa19d40000 - 0x00007ffa19d62000 	C:\WINDOWS\System32\win32u.dll
0x00007ffa1c210000 - 0x00007ffa1c23c000 	C:\WINDOWS\System32\GDI32.dll
0x00007ffa19f10000 - 0x00007ffa1a025000 	C:\WINDOWS\System32\gdi32full.dll
0x00007ffa1a5d0000 - 0x00007ffa1a66d000 	C:\WINDOWS\System32\msvcp_win.dll
0x00007ffa09240000 - 0x00007ffa094da000 	C:\WINDOWS\WinSxS\amd64_microsoft.windows.common-controls_6595b64144ccf1df_6.0.19041.1110_none_60b5254171f9507e\COMCTL32.dll
0x00007ffa1c170000 - 0x00007ffa1c20e000 	C:\WINDOWS\System32\msvcrt.dll
0x00007ffa1afd0000 - 0x00007ffa1b000000 	C:\WINDOWS\System32\IMM32.DLL
0x0000000051d30000 - 0x0000000051d3c000 	C:\Program Files (x86)\360\Total Security\safemon\SafeWrapper.dll
0x00007ffa1b0e0000 - 0x00007ffa1b18f000 	C:\WINDOWS\System32\ADVAPI32.dll
0x00007ffa1c0d0000 - 0x00007ffa1c16c000 	C:\WINDOWS\System32\sechost.dll
0x00007ffa1baa0000 - 0x00007ffa1bbc6000 	C:\WINDOWS\System32\RPCRT4.dll
0x00007ff9eeba0000 - 0x00007ff9eec32000 	C:\Program Files (x86)\360\Total Security\safemon\libzdtp64.dll
0x00007ffa1b350000 - 0x00007ffa1ba94000 	C:\WINDOWS\System32\SHELL32.dll
0x00007ffa1c240000 - 0x00007ffa1c295000 	C:\WINDOWS\System32\SHLWAPI.dll
0x00007ffa19a40000 - 0x00007ffa19a4a000 	C:\WINDOWS\SYSTEM32\VERSION.dll
0x00007ffa09f80000 - 0x00007ffa09f8c000 	C:\Users\Всеволод\AppData\Local\JetBrains\Toolbox\apps\IDEA-U\ch-0\231.9011.34\jbr\bin\vcruntime140_1.dll
0x00007ff9f5f60000 - 0x00007ff9f5fed000 	C:\Users\Всеволод\AppData\Local\JetBrains\Toolbox\apps\IDEA-U\ch-0\231.9011.34\jbr\bin\msvcp140.dll
0x00007ff9b1d50000 - 0x00007ff9b29be000 	C:\Users\Всеволод\AppData\Local\JetBrains\Toolbox\apps\IDEA-U\ch-0\231.9011.34\jbr\bin\server\jvm.dll
0x00007ffa0b6a0000 - 0x00007ffa0b6a9000 	C:\WINDOWS\SYSTEM32\WSOCK32.dll
0x00007ffa1c060000 - 0x00007ffa1c0cb000 	C:\WINDOWS\System32\WS2_32.dll
0x00007ffa11820000 - 0x00007ffa11847000 	C:\WINDOWS\SYSTEM32\WINMM.dll
0x00007ffa17a50000 - 0x00007ffa17a62000 	C:\WINDOWS\SYSTEM32\kernel.appcore.dll
0x00007ffa15590000 - 0x00007ffa1559a000 	C:\Users\Всеволод\AppData\Local\JetBrains\Toolbox\apps\IDEA-U\ch-0\231.9011.34\jbr\bin\jimage.dll
0x00007ffa0b6b0000 - 0x00007ffa0b894000 	C:\WINDOWS\SYSTEM32\DBGHELP.DLL
0x00007ffa090f0000 - 0x00007ffa09124000 	C:\WINDOWS\SYSTEM32\dbgcore.DLL
0x00007ffa1a240000 - 0x00007ffa1a2c2000 	C:\WINDOWS\System32\bcryptPrimitives.dll
0x00007ffa02bb0000 - 0x00007ffa02bd5000 	C:\Users\Всеволод\AppData\Local\JetBrains\Toolbox\apps\IDEA-U\ch-0\231.9011.34\jbr\bin\java.dll

dbghelp: loaded successfully - version: 4.0.5 - missing functions: none
symbol engine: initialized successfully - sym options: 0x614 - pdb path: .;C:\Users\Всеволод\AppData\Local\JetBrains\Toolbox\apps\IDEA-U\ch-0\231.9011.34\jbr\bin;C:\WINDOWS\SYSTEM32;C:\WINDOWS\WinSxS\amd64_microsoft.windows.common-controls_6595b64144ccf1df_6.0.19041.1110_none_60b5254171f9507e;C:\Program Files (x86)\360\Total Security\safemon;C:\Users\Всеволод\AppData\Local\JetBrains\Toolbox\apps\IDEA-U\ch-0\231.9011.34\jbr\bin\server

VM Arguments:
jvm_args: -Djava.rmi.server.hostname=127.0.0.1 -Duser.timezone=UTC -Xmx750m -Xms128m --add-exports=java.desktop/sun.awt=ALL-UNNAMED --add-exports=java.desktop/java.awt.peer=ALL-UNNAMED --add-opens=java.desktop/java.awt=ALL-UNNAMED --add-opens=jdk.unsupported/sun.misc=ALL-UNNAMED --add-opens=java.base/java.nio=ALL-UNNAMED --add-opens=java.base/java.util=ALL-UNNAMED -Dfile.encoding=UTF-8 
java_command: com.intellij.database.remote.RemoteJdbcServer com.mysql.cj.jdbc.Driver
java_class_path (initial): C:\Users\Всеволод\AppData\Local\JetBrains\Toolbox\apps\IDEA-U\ch-0\231.9011.34\lib\util_rt.jar;C:\Users\Всеволод\AppData\Local\JetBrains\Toolbox\apps\IDEA-U\ch-0\231.9011.34\lib\util-8.jar;C:\Users\Всеволод\AppData\Local\JetBrains\Toolbox\apps\IDEA-U\ch-0\231.9011.34\lib\groovy.jar;C:\Users\Всеволод\AppData\Local\JetBrains\Toolbox\apps\IDEA-U\ch-0\231.9011.34\plugins\DatabaseTools\lib\jdbc-console.jar;C:\Users\Всеволод\AppData\Local\JetBrains\Toolbox\apps\IDEA-U\ch-0\231.9011.34\plugins\grid-core-impl\lib\jdbc-console-types.jar;C:\Users\Всеволод\AppData\Local\JetBrains\Toolbox\apps\IDEA-U\ch-0\231.9011.34\lib\util.jar;C:\Users\Всеволод\AppData\Roaming\JetBrains\IntelliJIdea2023.1\jdbc-drivers\MySQL ConnectorJ\8.0.25\mysql-connector-java-8.0.25.jar
Launcher Type: SUN_STANDARD

[Global flags]
     intx CICompilerCount                          = 2                                         {product} {ergonomic}
     uint ConcGCThreads                            = 1                                         {product} {ergonomic}
     uint G1ConcRefinementThreads                  = 2                                         {product} {ergonomic}
   size_t G1HeapRegionSize                         = 1048576                                   {product} {ergonomic}
    uintx GCDrainStackTargetSize                   = 64                                        {product} {ergonomic}
   size_t InitialHeapSize                          = 134217728                                 {product} {command line}
   size_t MarkStackSize                            = 4194304                                   {product} {ergonomic}
   size_t MaxHeapSize                              = 786432000                                 {product} {command line}
   size_t MinHeapDeltaBytes                        = 1048576                                   {product} {ergonomic}
   size_t MinHeapSize                              = 134217728                                 {product} {command line}
    uintx NonNMethodCodeHeapSize                   = 5826188                                {pd product} {ergonomic}
    uintx NonProfiledCodeHeapSize                  = 122916026                              {pd product} {ergonomic}
    uintx ProfiledCodeHeapSize                     = 122916026                              {pd product} {ergonomic}
    uintx ReservedCodeCacheSize                    = 251658240                              {pd product} {ergonomic}
     bool SegmentedCodeCache                       = true                                      {product} {ergonomic}
   size_t SoftMaxHeapSize                          = 786432000                              {manageable} {ergonomic}
     bool UseCompressedClassPointers               = true                           {product lp64_product} {ergonomic}
     bool UseCompressedOops                        = true                           {product lp64_product} {ergonomic}
     bool UseG1GC                                  = true                                      {product} {ergonomic}
     bool UseLargePagesIndividualAllocation        = false                                  {pd product} {ergonomic}

Logging:
Log output configuration:
 #0: stdout all=warning uptime,level,tags
 #1: stderr all=off uptime,level,tags

Environment Variables:
JAVA_HOME=C:\Program Files\Java\jdk1.8.0_321
PATH=C:\Program Files (x86)\Common Files\Oracle\Java\javapath;C:\WINDOWS\system32;C:\WINDOWS;C:\WINDOWS\System32\Wbem;C:\WINDOWS\System32\WindowsPowerShell\v1.0\;C:\WINDOWS\System32\OpenSSH\;C:\Program Files\Git\cmd;C:\Program Files\MySQL\MySQL Shell 8.0\bin\;C:\Users\Всеволод\AppData\Local\Microsoft\WindowsApps;C:\Microsoft VS Code\bin;C:\Program Files\JetBrains\IntelliJ IDEA Community Edition 2021.3.2\bin;C:\Program Files\Java\jdk1.8.0_321\bin;C:\Program Files\JetBrains\IntelliJ IDEA 2022.2.1\bin;C:\Users\Всеволод\AppData\Local\JetBrains\Toolbox\scripts;
USERNAME=Всеволод
OS=Windows_NT
PROCESSOR_IDENTIFIER=AMD64 Family 21 Model 112 Stepping 0, AuthenticAMD
TMP=C:\Users\BC47~1\AppData\Local\Temp
TEMP=C:\Users\BC47~1\AppData\Local\Temp


JNI global refs:

[error occurred during error reporting (JNI global references), id 0xc0000005, EXCEPTION_ACCESS_VIOLATION (0xc0000005) at pc=0x00007ff9b1e07a10]


---------------  S Y S T E M  ---------------

OS:
 Windows 10 , 64 bit Build 19041 (10.0.19041.3031)
OS uptime: 1 days 19:01 hours

CPU: total 2 (initial active 2) (2 cores per cpu, 1 threads per core) family 21 model 112 stepping 0 microcode 0x0, cx8, cmov, fxsr, mmx, 3dnowpref, sse, sse2, sse3, ssse3, sse4a, sse4.1, sse4.2, popcnt, lzcnt, tsc, tscinvbit, avx, avx2, aes, clmul, bmi1, bmi2, fma, vzeroupper, clflush

Memory: 4k page, system-wide physical 7638M (925M free)
TotalPageFile size 9686M (AvailPageFile size 72M)
current process WorkingSet (physical memory assigned to process): 11M, peak: 11M
current process commit charge ("private bytes"): 47M, peak: 175M

vm_info: OpenJDK 64-Bit Server VM (17.0.6+10-b829.9) for windows-amd64 JRE (17.0.6+10-b829.9), built on 2023-04-09 by "builduser" with MS VC++ 16.10 / 16.11 (VS2019)

END.
