#
# There is insufficient memory for the Java Runtime Environment to continue.
# Native memory allocation (malloc) failed to allocate 1048576 bytes for AllocateHeap
# Possible reasons:
#   The system is out of physical RAM or swap space
#   The process is running with CompressedOops enabled, and the Java Heap may be blocking the growth of the native heap
# Possible solutions:
#   Reduce memory load on the system
#   Increase physical memory or swap space
#   Check if swap backing store is full
#   Decrease Java heap size (-Xmx/-Xms)
#   Decrease number of Java threads
#   Decrease Java thread stack sizes (-Xss)
#   Set larger code cache with -XX:ReservedCodeCacheSize=
#   JVM is running with Unscaled Compressed Oops mode in which the Java heap is
#     placed in the first 4GB address space. The Java Heap base address is the
#     maximum limit for the native heap growth. Please use -XX:HeapBaseMinAddress
#     to set the Java Heap base and to place the Java Heap above 4GB virtual address.
# This output file may be truncated or incomplete.
#
#  Out of Memory Error (allocation.cpp:44), pid=13172, tid=12424
#
# JRE version: OpenJDK Runtime Environment JBR-17.0.6+7-469.82-jcef (17.0.6+7) (build 17.0.6+7-b469.82)
# Java VM: OpenJDK 64-Bit Server VM JBR-17.0.6+7-469.82-jcef (17.0.6+7-b469.82, mixed mode, tiered, compressed oops, compressed class ptrs, g1 gc, windows-amd64)
# No core dump will be written. Minidumps are not enabled by default on client versions of Windows
#

---------------  S U M M A R Y ------------

Command Line: -Dawt.toolkit=com.intellij.desktop.DesktopActionsToolkit -Djava.rmi.server.hostname=127.0.0.1 -Duser.timezone=UTC -Xmx750m -Xms128m --add-exports=java.desktop/sun.awt=ALL-UNNAMED --add-exports=java.desktop/java.awt.peer=ALL-UNNAMED --add-opens=java.desktop/java.awt=ALL-UNNAMED --add-opens=jdk.unsupported/sun.misc=ALL-UNNAMED --add-opens=java.base/java.nio=ALL-UNNAMED --add-opens=java.base/java.util=ALL-UNNAMED -Dfile.encoding=UTF-8 com.intellij.database.remote.RemoteJdbcServer com.mysql.cj.jdbc.Driver

Host: AMD A6-9225 RADEON R4, 5 COMPUTE CORES 2C+3G   , 2 cores, 7G,  Windows 10 , 64 bit Build 19041 (10.0.19041.2788)
Time: Sun Apr  9 16:01:30 2023 RTZ 4 (s 10 , 64 bit Build 19041 (10.0.19041.2788) elapsed time: 3603.801494 seconds (0d 1h 0m 3s)

---------------  T H R E A D  ---------------

Current thread (0x000001876c306450):  VMThread "VM Thread" [stack: 0x0000006bc3400000,0x0000006bc3500000] [id=12424]

Stack: [0x0000006bc3400000,0x0000006bc3500000]
Native frames: (J=compiled Java code, j=interpreted, Vv=VM code, C=native code)
V  [jvm.dll+0x683b4a]
V  [jvm.dll+0x842654]
V  [jvm.dll+0x843dfe]
V  [jvm.dll+0x844463]
V  [jvm.dll+0x249b75]
V  [jvm.dll+0xa641f]
V  [jvm.dll+0x2fa953]
V  [jvm.dll+0x2f5d80]
V  [jvm.dll+0x2de367]
V  [jvm.dll+0x321fd7]
V  [jvm.dll+0x84893b]
V  [jvm.dll+0x849674]
V  [jvm.dll+0x849b8d]
V  [jvm.dll+0x849f64]
V  [jvm.dll+0x84a030]
V  [jvm.dll+0x7f25fa]
V  [jvm.dll+0x682985]
C  [ucrtbase.dll+0x21bb2]
C  [KERNEL32.DLL+0x17604]
C  [ntdll.dll+0x526a1]

VM_Operation (0x0000006bc48ff0e0): G1CollectFull, mode: safepoint, requested by thread 0x000001876d201b20


---------------  P R O C E S S  ---------------

Threads class SMR info:
_java_thread_list=0x000001876f84b040, length=23, elements={
0x0000018755f49960, 0x000001876c362290, 0x000001876c367020, 0x000001876c3ad450,
0x000001876c38ec90, 0x000001876c38f550, 0x000001876c38fe10, 0x000001876c390a00,
0x000001876cd876d0, 0x000001876cd1f400, 0x000001876cea6020, 0x000001876ceaa910,
0x000001876cecc910, 0x000001876d129610, 0x000001876d12a3c0, 0x000001876d1f1a60,
0x000001876d1f1f30, 0x000001876d201650, 0x000001876d201b20, 0x000001876d186bd0,
0x000001876d186700, 0x000001876d185d60, 0x000001876d1883e0
}

Java Threads: ( => current thread )
  0x0000018755f49960 JavaThread "main" [_thread_blocked, id=14560, stack(0x0000006bc2e00000,0x0000006bc2f00000)]
  0x000001876c362290 JavaThread "Reference Handler" daemon [_thread_blocked, id=6732, stack(0x0000006bc3500000,0x0000006bc3600000)]
  0x000001876c367020 JavaThread "Finalizer" daemon [_thread_blocked, id=11344, stack(0x0000006bc3600000,0x0000006bc3700000)]
  0x000001876c3ad450 JavaThread "Signal Dispatcher" daemon [_thread_blocked, id=12152, stack(0x0000006bc3700000,0x0000006bc3800000)]
  0x000001876c38ec90 JavaThread "Attach Listener" daemon [_thread_blocked, id=4140, stack(0x0000006bc3800000,0x0000006bc3900000)]
  0x000001876c38f550 JavaThread "Service Thread" daemon [_thread_blocked, id=15048, stack(0x0000006bc3900000,0x0000006bc3a00000)]
  0x000001876c38fe10 JavaThread "Monitor Deflation Thread" daemon [_thread_blocked, id=5900, stack(0x0000006bc3a00000,0x0000006bc3b00000)]
  0x000001876c390a00 JavaThread "C2 CompilerThread0" daemon [_thread_blocked, id=14004, stack(0x0000006bc3b00000,0x0000006bc3c00000)]
  0x000001876cd876d0 JavaThread "C1 CompilerThread0" daemon [_thread_blocked, id=10660, stack(0x0000006bc3c00000,0x0000006bc3d00000)]
  0x000001876cd1f400 JavaThread "Sweeper thread" daemon [_thread_blocked, id=4104, stack(0x0000006bc3d00000,0x0000006bc3e00000)]
  0x000001876cea6020 JavaThread "Common-Cleaner" daemon [_thread_blocked, id=12304, stack(0x0000006bc3e00000,0x0000006bc3f00000)]
  0x000001876ceaa910 JavaThread "Notification Thread" daemon [_thread_blocked, id=5124, stack(0x0000006bc3f00000,0x0000006bc4000000)]
  0x000001876cecc910 JavaThread "mysql-cj-abandoned-connection-cleanup" daemon [_thread_blocked, id=7060, stack(0x0000006bc4100000,0x0000006bc4200000)]
  0x000001876d129610 JavaThread "Java2D Disposer" daemon [_thread_blocked, id=3884, stack(0x0000006bc4200000,0x0000006bc4300000)]
  0x000001876d12a3c0 JavaThread "AWT-Windows" daemon [_thread_in_native, id=15232, stack(0x0000006bc4400000,0x0000006bc4500000)]
  0x000001876d1f1a60 JavaThread "RMI TCP Accept-61612" daemon [_thread_in_native, id=12792, stack(0x0000006bc4500000,0x0000006bc4600000)]
  0x000001876d1f1f30 JavaThread "RMI TCP Accept-0" daemon [_thread_in_native, id=6664, stack(0x0000006bc4600000,0x0000006bc4700000)]
  0x000001876d201650 JavaThread "RMI Reaper" [_thread_blocked, id=5820, stack(0x0000006bc4700000,0x0000006bc4800000)]
  0x000001876d201b20 JavaThread "RMI GC Daemon" daemon [_thread_blocked, id=12924, stack(0x0000006bc4800000,0x0000006bc4900000)]
  0x000001876d186bd0 JavaThread "RMI TCP Connection(4)-127.0.0.1" daemon [_thread_in_native, id=11988, stack(0x0000006bc4b00000,0x0000006bc4c00000)]
  0x000001876d186700 JavaThread "RMI TCP Connection(3)-127.0.0.1" daemon [_thread_in_native, id=6336, stack(0x0000006bc4c00000,0x0000006bc4d00000)]
  0x000001876d185d60 JavaThread "RMI Scheduler(0)" daemon [_thread_blocked, id=14488, stack(0x0000006bc4d00000,0x0000006bc4e00000)]
  0x000001876d1883e0 JavaThread "RMI RenewClean-[127.0.0.1:49252]" daemon [_thread_blocked, id=160, stack(0x0000006bc4e00000,0x0000006bc4f00000)]

Other Threads:
=>0x000001876c306450 VMThread "VM Thread" [stack: 0x0000006bc3400000,0x0000006bc3500000] [id=12424]
  0x000001876ceaade0 WatcherThread [stack: 0x0000006bc4000000,0x0000006bc4100000] [id=11536]
  0x0000018755f7d270 GCTaskThread "GC Thread#0" [stack: 0x0000006bc2f00000,0x0000006bc3000000] [id=15040]
  0x000001876d20aae0 GCTaskThread "GC Thread#1" [stack: 0x0000006bc4900000,0x0000006bc4a00000] [id=13728]
  0x0000018755f84e90 ConcurrentGCThread "G1 Main Marker" [stack: 0x0000006bc3000000,0x0000006bc3100000] [id=15192]
  0x0000018755f873d0 ConcurrentGCThread "G1 Conc#0" [stack: 0x0000006bc3100000,0x0000006bc3200000] [id=14464]
  0x0000018755ff9790 ConcurrentGCThread "G1 Refine#0" [stack: 0x0000006bc3200000,0x0000006bc3300000] [id=9496]
  0x000001876d20ad90 ConcurrentGCThread "G1 Refine#1" [stack: 0x0000006bc4a00000,0x0000006bc4b00000] [id=4220]
  0x0000018755ffa0c0 ConcurrentGCThread "G1 Service" [stack: 0x0000006bc3300000,0x0000006bc3400000] [id=8628]

Threads with active compile tasks:

VM state: at safepoint (normal execution)

VM Mutex/Monitor currently owned by a thread:  ([mutex/lock_event])
[0x0000018755f44b90] Threads_lock - owner thread: 0x000001876c306450
[0x0000018755f44dd0] Heap_lock - owner thread: 0x000001876d201b20

Heap address: 0x00000000d1200000, size: 750 MB, Compressed Oops mode: 32-bit

CDS archive(s) not mapped
Compressed class space mapped at: 0x0000000100000000-0x0000000140000000, reserved size: 1073741824
Narrow klass base: 0x0000000000000000, Narrow klass shift: 3, Narrow klass range: 0x140000000

GC Precious Log:
 CPUs: 2 total, 2 available
 Memory: 7638M
 Large Page Support: Disabled
 NUMA Support: Disabled
 Compressed Oops: Enabled (32-bit)
 Heap Region Size: 1M
 Heap Min Capacity: 128M
 Heap Initial Capacity: 128M
 Heap Max Capacity: 750M
 Pre-touch: Disabled
 Parallel Workers: 2
 Concurrent Workers: 1
 Concurrent Refinement Workers: 2
 Periodic GC: Disabled

Heap:
 garbage-first heap   total 131072K, used 34220K [0x00000000d1200000, 0x0000000100000000)
  region size 1024K, 32 young (32768K), 3 survivors (3072K)
 Metaspace       used 24555K, committed 24768K, reserved 1073152K
  class space    used 2526K, committed 2624K, reserved 1048576K

Heap Regions: E=young(eden), S=young(survivor), O=old, HS=humongous(starts), HC=humongous(continues), CS=collection set, F=free, OA=open archive, CA=closed archive, TAMS=top-at-mark-start (previous, next)
|   0|0x00000000d1200000, 0x00000000d1300000, 0x00000000d1300000|100%| O|  |TAMS 0x00000000d1300000, 0x00000000d1200000| Untracked 
|   1|0x00000000d1300000, 0x00000000d1400000, 0x00000000d1400000|100%| O|  |TAMS 0x00000000d1400000, 0x00000000d1300000| Untracked 
|   2|0x00000000d1400000, 0x00000000d1500000, 0x00000000d1500000|100%| O|  |TAMS 0x00000000d1500000, 0x00000000d1400000| Untracked 
|   3|0x00000000d1500000, 0x00000000d151a600, 0x00000000d1600000| 10%| O|  |TAMS 0x00000000d151a600, 0x00000000d1500000| Untracked 
|   4|0x00000000d1600000, 0x00000000d1600000, 0x00000000d1700000|  0%| F|  |TAMS 0x00000000d1600000, 0x00000000d1600000| Untracked 
|   5|0x00000000d1700000, 0x00000000d1700000, 0x00000000d1800000|  0%| F|  |TAMS 0x00000000d1700000, 0x00000000d1700000| Untracked 
|   6|0x00000000d1800000, 0x00000000d1800000, 0x00000000d1900000|  0%| F|  |TAMS 0x00000000d1800000, 0x00000000d1800000| Untracked 
|   7|0x00000000d1900000, 0x00000000d1900000, 0x00000000d1a00000|  0%| F|  |TAMS 0x00000000d1900000, 0x00000000d1900000| Untracked 
|   8|0x00000000d1a00000, 0x00000000d1a00000, 0x00000000d1b00000|  0%| F|  |TAMS 0x00000000d1a00000, 0x00000000d1a00000| Untracked 
|   9|0x00000000d1b00000, 0x00000000d1b00000, 0x00000000d1c00000|  0%| F|  |TAMS 0x00000000d1b00000, 0x00000000d1b00000| Untracked 
|  10|0x00000000d1c00000, 0x00000000d1c00000, 0x00000000d1d00000|  0%| F|  |TAMS 0x00000000d1c00000, 0x00000000d1c00000| Untracked 
|  11|0x00000000d1d00000, 0x00000000d1d00000, 0x00000000d1e00000|  0%| F|  |TAMS 0x00000000d1d00000, 0x00000000d1d00000| Untracked 
|  12|0x00000000d1e00000, 0x00000000d1e00000, 0x00000000d1f00000|  0%| F|  |TAMS 0x00000000d1e00000, 0x00000000d1e00000| Untracked 
|  13|0x00000000d1f00000, 0x00000000d1f00000, 0x00000000d2000000|  0%| F|  |TAMS 0x00000000d1f00000, 0x00000000d1f00000| Untracked 
|  14|0x00000000d2000000, 0x00000000d2000000, 0x00000000d2100000|  0%| F|  |TAMS 0x00000000d2000000, 0x00000000d2000000| Untracked 
|  15|0x00000000d2100000, 0x00000000d2100000, 0x00000000d2200000|  0%| F|  |TAMS 0x00000000d2100000, 0x00000000d2100000| Untracked 
|  16|0x00000000d2200000, 0x00000000d2200000, 0x00000000d2300000|  0%| F|  |TAMS 0x00000000d2200000, 0x00000000d2200000| Untracked 
|  17|0x00000000d2300000, 0x00000000d2300000, 0x00000000d2400000|  0%| F|  |TAMS 0x00000000d2300000, 0x00000000d2300000| Untracked 
|  18|0x00000000d2400000, 0x00000000d2400000, 0x00000000d2500000|  0%| F|  |TAMS 0x00000000d2400000, 0x00000000d2400000| Untracked 
|  19|0x00000000d2500000, 0x00000000d2500000, 0x00000000d2600000|  0%| F|  |TAMS 0x00000000d2500000, 0x00000000d2500000| Untracked 
|  20|0x00000000d2600000, 0x00000000d2600000, 0x00000000d2700000|  0%| F|  |TAMS 0x00000000d2600000, 0x00000000d2600000| Untracked 
|  21|0x00000000d2700000, 0x00000000d2700000, 0x00000000d2800000|  0%| F|  |TAMS 0x00000000d2700000, 0x00000000d2700000| Untracked 
|  22|0x00000000d2800000, 0x00000000d2800000, 0x00000000d2900000|  0%| F|  |TAMS 0x00000000d2800000, 0x00000000d2800000| Untracked 
|  23|0x00000000d2900000, 0x00000000d2900000, 0x00000000d2a00000|  0%| F|  |TAMS 0x00000000d2900000, 0x00000000d2900000| Untracked 
|  24|0x00000000d2a00000, 0x00000000d2a00000, 0x00000000d2b00000|  0%| F|  |TAMS 0x00000000d2a00000, 0x00000000d2a00000| Untracked 
|  25|0x00000000d2b00000, 0x00000000d2b00000, 0x00000000d2c00000|  0%| F|  |TAMS 0x00000000d2b00000, 0x00000000d2b00000| Untracked 
|  26|0x00000000d2c00000, 0x00000000d2c00000, 0x00000000d2d00000|  0%| F|  |TAMS 0x00000000d2c00000, 0x00000000d2c00000| Untracked 
|  27|0x00000000d2d00000, 0x00000000d2d00000, 0x00000000d2e00000|  0%| F|  |TAMS 0x00000000d2d00000, 0x00000000d2d00000| Untracked 
|  28|0x00000000d2e00000, 0x00000000d2e00000, 0x00000000d2f00000|  0%| F|  |TAMS 0x00000000d2e00000, 0x00000000d2e00000| Untracked 
|  29|0x00000000d2f00000, 0x00000000d2f00000, 0x00000000d3000000|  0%| F|  |TAMS 0x00000000d2f00000, 0x00000000d2f00000| Untracked 
|  30|0x00000000d3000000, 0x00000000d3000000, 0x00000000d3100000|  0%| F|  |TAMS 0x00000000d3000000, 0x00000000d3000000| Untracked 
|  31|0x00000000d3100000, 0x00000000d3100000, 0x00000000d3200000|  0%| F|  |TAMS 0x00000000d3100000, 0x00000000d3100000| Untracked 
|  32|0x00000000d3200000, 0x00000000d3200000, 0x00000000d3300000|  0%| F|  |TAMS 0x00000000d3200000, 0x00000000d3200000| Untracked 
|  33|0x00000000d3300000, 0x00000000d3300000, 0x00000000d3400000|  0%| F|  |TAMS 0x00000000d3300000, 0x00000000d3300000| Untracked 
|  34|0x00000000d3400000, 0x00000000d3400000, 0x00000000d3500000|  0%| F|  |TAMS 0x00000000d3400000, 0x00000000d3400000| Untracked 
|  35|0x00000000d3500000, 0x00000000d3500000, 0x00000000d3600000|  0%| F|  |TAMS 0x00000000d3500000, 0x00000000d3500000| Untracked 
|  36|0x00000000d3600000, 0x00000000d3600000, 0x00000000d3700000|  0%| F|  |TAMS 0x00000000d3600000, 0x00000000d3600000| Untracked 
|  37|0x00000000d3700000, 0x00000000d3700000, 0x00000000d3800000|  0%| F|  |TAMS 0x00000000d3700000, 0x00000000d3700000| Untracked 
|  38|0x00000000d3800000, 0x00000000d3800000, 0x00000000d3900000|  0%| F|  |TAMS 0x00000000d3800000, 0x00000000d3800000| Untracked 
|  39|0x00000000d3900000, 0x00000000d3900000, 0x00000000d3a00000|  0%| F|  |TAMS 0x00000000d3900000, 0x00000000d3900000| Untracked 
|  40|0x00000000d3a00000, 0x00000000d3a00000, 0x00000000d3b00000|  0%| F|  |TAMS 0x00000000d3a00000, 0x00000000d3a00000| Untracked 
|  41|0x00000000d3b00000, 0x00000000d3b00000, 0x00000000d3c00000|  0%| F|  |TAMS 0x00000000d3b00000, 0x00000000d3b00000| Untracked 
|  42|0x00000000d3c00000, 0x00000000d3c00000, 0x00000000d3d00000|  0%| F|  |TAMS 0x00000000d3c00000, 0x00000000d3c00000| Untracked 
|  43|0x00000000d3d00000, 0x00000000d3d00000, 0x00000000d3e00000|  0%| F|  |TAMS 0x00000000d3d00000, 0x00000000d3d00000| Untracked 
|  44|0x00000000d3e00000, 0x00000000d3e00000, 0x00000000d3f00000|  0%| F|  |TAMS 0x00000000d3e00000, 0x00000000d3e00000| Untracked 
|  45|0x00000000d3f00000, 0x00000000d3f00000, 0x00000000d4000000|  0%| F|  |TAMS 0x00000000d3f00000, 0x00000000d3f00000| Untracked 
|  46|0x00000000d4000000, 0x00000000d4000000, 0x00000000d4100000|  0%| F|  |TAMS 0x00000000d4000000, 0x00000000d4000000| Untracked 
|  47|0x00000000d4100000, 0x00000000d4100000, 0x00000000d4200000|  0%| F|  |TAMS 0x00000000d4100000, 0x00000000d4100000| Untracked 
|  48|0x00000000d4200000, 0x00000000d4200000, 0x00000000d4300000|  0%| F|  |TAMS 0x00000000d4200000, 0x00000000d4200000| Untracked 
|  49|0x00000000d4300000, 0x00000000d4300000, 0x00000000d4400000|  0%| F|  |TAMS 0x00000000d4300000, 0x00000000d4300000| Untracked 
|  50|0x00000000d4400000, 0x00000000d4400000, 0x00000000d4500000|  0%| F|  |TAMS 0x00000000d4400000, 0x00000000d4400000| Untracked 
|  51|0x00000000d4500000, 0x00000000d4500000, 0x00000000d4600000|  0%| F|  |TAMS 0x00000000d4500000, 0x00000000d4500000| Untracked 
|  52|0x00000000d4600000, 0x00000000d4600000, 0x00000000d4700000|  0%| F|  |TAMS 0x00000000d4600000, 0x00000000d4600000| Untracked 
|  53|0x00000000d4700000, 0x00000000d4700000, 0x00000000d4800000|  0%| F|  |TAMS 0x00000000d4700000, 0x00000000d4700000| Untracked 
|  54|0x00000000d4800000, 0x00000000d4800000, 0x00000000d4900000|  0%| F|  |TAMS 0x00000000d4800000, 0x00000000d4800000| Untracked 
|  55|0x00000000d4900000, 0x00000000d4900000, 0x00000000d4a00000|  0%| F|  |TAMS 0x00000000d4900000, 0x00000000d4900000| Untracked 
|  56|0x00000000d4a00000, 0x00000000d4a00000, 0x00000000d4b00000|  0%| F|  |TAMS 0x00000000d4a00000, 0x00000000d4a00000| Untracked 
|  57|0x00000000d4b00000, 0x00000000d4b00000, 0x00000000d4c00000|  0%| F|  |TAMS 0x00000000d4b00000, 0x00000000d4b00000| Untracked 
|  58|0x00000000d4c00000, 0x00000000d4c00000, 0x00000000d4d00000|  0%| F|  |TAMS 0x00000000d4c00000, 0x00000000d4c00000| Untracked 
|  59|0x00000000d4d00000, 0x00000000d4d00000, 0x00000000d4e00000|  0%| F|  |TAMS 0x00000000d4d00000, 0x00000000d4d00000| Untracked 
|  60|0x00000000d4e00000, 0x00000000d4e00000, 0x00000000d4f00000|  0%| F|  |TAMS 0x00000000d4e00000, 0x00000000d4e00000| Untracked 
|  61|0x00000000d4f00000, 0x00000000d4f00000, 0x00000000d5000000|  0%| F|  |TAMS 0x00000000d4f00000, 0x00000000d4f00000| Untracked 
|  62|0x00000000d5000000, 0x00000000d5000000, 0x00000000d5100000|  0%| F|  |TAMS 0x00000000d5000000, 0x00000000d5000000| Untracked 
|  63|0x00000000d5100000, 0x00000000d5100000, 0x00000000d5200000|  0%| F|  |TAMS 0x00000000d5100000, 0x00000000d5100000| Untracked 
|  64|0x00000000d5200000, 0x00000000d5200000, 0x00000000d5300000|  0%| F|  |TAMS 0x00000000d5200000, 0x00000000d5200000| Untracked 
|  65|0x00000000d5300000, 0x00000000d5300000, 0x00000000d5400000|  0%| F|  |TAMS 0x00000000d5300000, 0x00000000d5300000| Untracked 
|  66|0x00000000d5400000, 0x00000000d5400000, 0x00000000d5500000|  0%| F|  |TAMS 0x00000000d5400000, 0x00000000d5400000| Untracked 
|  67|0x00000000d5500000, 0x00000000d5500000, 0x00000000d5600000|  0%| F|  |TAMS 0x00000000d5500000, 0x00000000d5500000| Untracked 
|  68|0x00000000d5600000, 0x00000000d5600000, 0x00000000d5700000|  0%| F|  |TAMS 0x00000000d5600000, 0x00000000d5600000| Untracked 
|  69|0x00000000d5700000, 0x00000000d5700000, 0x00000000d5800000|  0%| F|  |TAMS 0x00000000d5700000, 0x00000000d5700000| Untracked 
|  70|0x00000000d5800000, 0x00000000d5800000, 0x00000000d5900000|  0%| F|  |TAMS 0x00000000d5800000, 0x00000000d5800000| Untracked 
|  71|0x00000000d5900000, 0x00000000d5900000, 0x00000000d5a00000|  0%| F|  |TAMS 0x00000000d5900000, 0x00000000d5900000| Untracked 
|  72|0x00000000d5a00000, 0x00000000d5a00000, 0x00000000d5b00000|  0%| F|  |TAMS 0x00000000d5a00000, 0x00000000d5a00000| Untracked 
|  73|0x00000000d5b00000, 0x00000000d5b00000, 0x00000000d5c00000|  0%| F|  |TAMS 0x00000000d5b00000, 0x00000000d5b00000| Untracked 
|  74|0x00000000d5c00000, 0x00000000d5c00000, 0x00000000d5d00000|  0%| F|  |TAMS 0x00000000d5c00000, 0x00000000d5c00000| Untracked 
|  75|0x00000000d5d00000, 0x00000000d5d00000, 0x00000000d5e00000|  0%| F|  |TAMS 0x00000000d5d00000, 0x00000000d5d00000| Untracked 
|  76|0x00000000d5e00000, 0x00000000d5e00000, 0x00000000d5f00000|  0%| F|  |TAMS 0x00000000d5e00000, 0x00000000d5e00000| Untracked 
|  77|0x00000000d5f00000, 0x00000000d5f00000, 0x00000000d6000000|  0%| F|  |TAMS 0x00000000d5f00000, 0x00000000d5f00000| Untracked 
|  78|0x00000000d6000000, 0x00000000d6000000, 0x00000000d6100000|  0%| F|  |TAMS 0x00000000d6000000, 0x00000000d6000000| Untracked 
|  79|0x00000000d6100000, 0x00000000d6100000, 0x00000000d6200000|  0%| F|  |TAMS 0x00000000d6100000, 0x00000000d6100000| Untracked 
|  80|0x00000000d6200000, 0x00000000d6200000, 0x00000000d6300000|  0%| F|  |TAMS 0x00000000d6200000, 0x00000000d6200000| Untracked 
|  81|0x00000000d6300000, 0x00000000d6300000, 0x00000000d6400000|  0%| F|  |TAMS 0x00000000d6300000, 0x00000000d6300000| Untracked 
|  82|0x00000000d6400000, 0x00000000d6400000, 0x00000000d6500000|  0%| F|  |TAMS 0x00000000d6400000, 0x00000000d6400000| Untracked 
|  83|0x00000000d6500000, 0x00000000d6500000, 0x00000000d6600000|  0%| F|  |TAMS 0x00000000d6500000, 0x00000000d6500000| Untracked 
|  84|0x00000000d6600000, 0x00000000d6600000, 0x00000000d6700000|  0%| F|  |TAMS 0x00000000d6600000, 0x00000000d6600000| Untracked 
|  85|0x00000000d6700000, 0x00000000d6700000, 0x00000000d6800000|  0%| F|  |TAMS 0x00000000d6700000, 0x00000000d6700000| Untracked 
|  86|0x00000000d6800000, 0x00000000d6800000, 0x00000000d6900000|  0%| F|  |TAMS 0x00000000d6800000, 0x00000000d6800000| Untracked 
|  87|0x00000000d6900000, 0x00000000d6900000, 0x00000000d6a00000|  0%| F|  |TAMS 0x00000000d6900000, 0x00000000d6900000| Untracked 
|  88|0x00000000d6a00000, 0x00000000d6a00000, 0x00000000d6b00000|  0%| F|  |TAMS 0x00000000d6a00000, 0x00000000d6a00000| Untracked 
|  89|0x00000000d6b00000, 0x00000000d6b00000, 0x00000000d6c00000|  0%| F|  |TAMS 0x00000000d6b00000, 0x00000000d6b00000| Untracked 
|  90|0x00000000d6c00000, 0x00000000d6c00000, 0x00000000d6d00000|  0%| F|  |TAMS 0x00000000d6c00000, 0x00000000d6c00000| Untracked 
|  91|0x00000000d6d00000, 0x00000000d6d00000, 0x00000000d6e00000|  0%| F|  |TAMS 0x00000000d6d00000, 0x00000000d6d00000| Untracked 
|  92|0x00000000d6e00000, 0x00000000d6e00000, 0x00000000d6f00000|  0%| F|  |TAMS 0x00000000d6e00000, 0x00000000d6e00000| Untracked 
|  93|0x00000000d6f00000, 0x00000000d6f00000, 0x00000000d7000000|  0%| F|  |TAMS 0x00000000d6f00000, 0x00000000d6f00000| Untracked 
|  94|0x00000000d7000000, 0x00000000d7000000, 0x00000000d7100000|  0%| F|  |TAMS 0x00000000d7000000, 0x00000000d7000000| Untracked 
|  95|0x00000000d7100000, 0x00000000d7100000, 0x00000000d7200000|  0%| F|  |TAMS 0x00000000d7100000, 0x00000000d7100000| Untracked 
|  96|0x00000000d7200000, 0x00000000d721dc38, 0x00000000d7300000| 11%| E|  |TAMS 0x00000000d7200000, 0x00000000d7200000| Complete 
|  97|0x00000000d7300000, 0x00000000d7400000, 0x00000000d7400000|100%| E|CS|TAMS 0x00000000d7300000, 0x00000000d7300000| Complete 
|  98|0x00000000d7400000, 0x00000000d7500000, 0x00000000d7500000|100%| E|CS|TAMS 0x00000000d7400000, 0x00000000d7400000| Complete 
|  99|0x00000000d7500000, 0x00000000d7600000, 0x00000000d7600000|100%| E|CS|TAMS 0x00000000d7500000, 0x00000000d7500000| Complete 
| 100|0x00000000d7600000, 0x00000000d7700000, 0x00000000d7700000|100%| E|CS|TAMS 0x00000000d7600000, 0x00000000d7600000| Complete 
| 101|0x00000000d7700000, 0x00000000d7800000, 0x00000000d7800000|100%| E|CS|TAMS 0x00000000d7700000, 0x00000000d7700000| Complete 
| 102|0x00000000d7800000, 0x00000000d7900000, 0x00000000d7900000|100%| E|CS|TAMS 0x00000000d7800000, 0x00000000d7800000| Complete 
| 103|0x00000000d7900000, 0x00000000d7a00000, 0x00000000d7a00000|100%| E|CS|TAMS 0x00000000d7900000, 0x00000000d7900000| Complete 
| 104|0x00000000d7a00000, 0x00000000d7b00000, 0x00000000d7b00000|100%| E|CS|TAMS 0x00000000d7a00000, 0x00000000d7a00000| Complete 
| 105|0x00000000d7b00000, 0x00000000d7c00000, 0x00000000d7c00000|100%| E|CS|TAMS 0x00000000d7b00000, 0x00000000d7b00000| Complete 
| 106|0x00000000d7c00000, 0x00000000d7d00000, 0x00000000d7d00000|100%| E|CS|TAMS 0x00000000d7c00000, 0x00000000d7c00000| Complete 
| 107|0x00000000d7d00000, 0x00000000d7e00000, 0x00000000d7e00000|100%| E|CS|TAMS 0x00000000d7d00000, 0x00000000d7d00000| Complete 
| 108|0x00000000d7e00000, 0x00000000d7f00000, 0x00000000d7f00000|100%| E|CS|TAMS 0x00000000d7e00000, 0x00000000d7e00000| Complete 
| 109|0x00000000d7f00000, 0x00000000d8000000, 0x00000000d8000000|100%| E|CS|TAMS 0x00000000d7f00000, 0x00000000d7f00000| Complete 
| 110|0x00000000d8000000, 0x00000000d8100000, 0x00000000d8100000|100%| E|CS|TAMS 0x00000000d8000000, 0x00000000d8000000| Complete 
| 111|0x00000000d8100000, 0x00000000d8200000, 0x00000000d8200000|100%| E|CS|TAMS 0x00000000d8100000, 0x00000000d8100000| Complete 
| 112|0x00000000d8200000, 0x00000000d8300000, 0x00000000d8300000|100%| E|CS|TAMS 0x00000000d8200000, 0x00000000d8200000| Complete 
| 113|0x00000000d8300000, 0x00000000d8400000, 0x00000000d8400000|100%| E|CS|TAMS 0x00000000d8300000, 0x00000000d8300000| Complete 
| 114|0x00000000d8400000, 0x00000000d8500000, 0x00000000d8500000|100%| E|CS|TAMS 0x00000000d8400000, 0x00000000d8400000| Complete 
| 115|0x00000000d8500000, 0x00000000d8600000, 0x00000000d8600000|100%| E|CS|TAMS 0x00000000d8500000, 0x00000000d8500000| Complete 
| 116|0x00000000d8600000, 0x00000000d8700000, 0x00000000d8700000|100%| E|CS|TAMS 0x00000000d8600000, 0x00000000d8600000| Complete 
| 117|0x00000000d8700000, 0x00000000d8800000, 0x00000000d8800000|100%| E|CS|TAMS 0x00000000d8700000, 0x00000000d8700000| Complete 
| 118|0x00000000d8800000, 0x00000000d8900000, 0x00000000d8900000|100%| E|CS|TAMS 0x00000000d8800000, 0x00000000d8800000| Complete 
| 119|0x00000000d8900000, 0x00000000d8a00000, 0x00000000d8a00000|100%| E|CS|TAMS 0x00000000d8900000, 0x00000000d8900000| Complete 
| 120|0x00000000d8a00000, 0x00000000d8b00000, 0x00000000d8b00000|100%| E|CS|TAMS 0x00000000d8a00000, 0x00000000d8a00000| Complete 
| 121|0x00000000d8b00000, 0x00000000d8c00000, 0x00000000d8c00000|100%| E|CS|TAMS 0x00000000d8b00000, 0x00000000d8b00000| Complete 
| 122|0x00000000d8c00000, 0x00000000d8d00000, 0x00000000d8d00000|100%| E|CS|TAMS 0x00000000d8c00000, 0x00000000d8c00000| Complete 
| 123|0x00000000d8d00000, 0x00000000d8e00000, 0x00000000d8e00000|100%| E|CS|TAMS 0x00000000d8d00000, 0x00000000d8d00000| Complete 
| 124|0x00000000d8e00000, 0x00000000d8e50cd0, 0x00000000d8f00000| 31%| S|CS|TAMS 0x00000000d8e00000, 0x00000000d8e00000| Complete 
| 125|0x00000000d8f00000, 0x00000000d9000000, 0x00000000d9000000|100%| S|CS|TAMS 0x00000000d8f00000, 0x00000000d8f00000| Complete 
| 126|0x00000000d9000000, 0x00000000d9100000, 0x00000000d9100000|100%| S|CS|TAMS 0x00000000d9000000, 0x00000000d9000000| Complete 
| 127|0x00000000d9100000, 0x00000000d9200000, 0x00000000d9200000|100%| E|CS|TAMS 0x00000000d9100000, 0x00000000d9100000| Complete 

Card table byte_map: [0x0000018755c90000,0x0000018755e10000] _byte_map_base: 0x0000018755607000

Marking Bits (Prev, Next): (CMBitMap*) 0x0000018755f7e7e0, (CMBitMap*) 0x0000018755f7e7a0
 Prev Bits: [0x00000187693e0000, 0x0000018769f98000)
 Next Bits: [0x0000018768820000, 0x00000187693d8000)

Polling page: 0x0000018753ef0000

Metaspace:

Usage:
  Non-class:     21.51 MB used.
      Class:      2.47 MB used.
       Both:     23.98 MB used.

Virtual space:
  Non-class space:       24.00 MB reserved,      21.62 MB ( 90%) committed,  3 nodes.
      Class space:        1.00 GB reserved,       2.56 MB ( <1%) committed,  1 nodes.
             Both:        1.02 GB reserved,      24.19 MB (  2%) committed. 

Chunk freelists:
   Non-Class:  2.15 MB
       Class:  1.38 MB
        Both:  3.53 MB

MaxMetaspaceSize: unlimited
CompressedClassSpaceSize: 1.00 GB
Initial GC threshold: 21.00 MB
Current GC threshold: 35.12 MB
CDS: off
MetaspaceReclaimPolicy: balanced
 - commit_granule_bytes: 65536.
 - commit_granule_words: 8192.
 - virtual_space_node_default_size: 1048576.
 - enlarge_chunks_in_place: 1.
 - new_chunks_are_fully_committed: 0.
 - uncommit_free_chunks: 1.
 - use_allocation_guard: 0.
 - handle_deallocations: 1.


Internal statistics:

num_allocs_failed_limit: 3.
num_arena_births: 270.
num_arena_deaths: 0.
num_vsnodes_births: 4.
num_vsnodes_deaths: 0.
num_space_committed: 387.
num_space_uncommitted: 0.
num_chunks_returned_to_freelist: 3.
num_chunks_taken_from_freelist: 621.
num_chunk_merges: 0.
num_chunk_splits: 371.
num_chunks_enlarged: 194.
num_purges: 0.
num_inconsistent_stats: 0.

CodeHeap 'non-profiled nmethods': size=120064Kb used=919Kb max_used=919Kb free=119144Kb
 bounds [0x0000018761160000, 0x00000187613d0000, 0x00000187686a0000]
CodeHeap 'profiled nmethods': size=120000Kb used=5202Kb max_used=5202Kb free=114797Kb
 bounds [0x00000187596a0000, 0x0000018759bc0000, 0x0000018760bd0000]
CodeHeap 'non-nmethods': size=5696Kb used=1272Kb max_used=1318Kb free=4423Kb
 bounds [0x0000018760bd0000, 0x0000018760e40000, 0x0000018761160000]
 total_blobs=3112 nmethods=2519 adapters=507
 compilation: enabled
              stopped_count=0, restarted_count=0
 full_count=0

Compilation events (20 events):
Event: 3058.664 Thread 0x000001876cd876d0 2515       3       java.util.concurrent.locks.AbstractQueuedSynchronizer$Node::clearStatus (12 bytes)
Event: 3058.664 Thread 0x000001876cd876d0 nmethod 2515 0x0000018759bb0910 code [0x0000018759bb0ac0, 0x0000018759bb0c48]
Event: 3058.664 Thread 0x000001876cd876d0 2516       3       java.util.concurrent.locks.AbstractQueuedSynchronizer$ConditionObject::unlinkCancelledWaiters (91 bytes)
Event: 3058.665 Thread 0x000001876cd876d0 nmethod 2516 0x0000018759bb0d10 code [0x0000018759bb0ee0, 0x0000018759bb1398]
Event: 3109.815 Thread 0x000001876c390a00 2517       4       sun.nio.ch.NioSocketImpl::ensureOpenAndConnected (36 bytes)
Event: 3109.816 Thread 0x000001876c390a00 nmethod 2517 0x0000018761244690 code [0x0000018761244800, 0x0000018761244898]
Event: 3141.027 Thread 0x000001876cd876d0 2518       3       sun.rmi.transport.ObjectEndpoint::<init> (60 bytes)
Event: 3141.028 Thread 0x000001876cd876d0 nmethod 2518 0x0000018759bb1510 code [0x0000018759bb16c0, 0x0000018759bb19e8]
Event: 3163.836 Thread 0x000001876cd876d0 2519       3       sun.rmi.server.MarshalOutputStream::annotateClass (9 bytes)
Event: 3163.836 Thread 0x000001876cd876d0 nmethod 2519 0x0000018759bb1b10 code [0x0000018759bb1ce0, 0x0000018759bb1ff8]
Event: 3245.801 Thread 0x000001876c390a00 2520  s    4       java.io.BufferedInputStream::read (113 bytes)
Event: 3245.825 Thread 0x000001876c390a00 nmethod 2520 0x0000018761244990 code [0x0000018761244ba0, 0x0000018761245810]
Event: 3264.950 Thread 0x000001876cd876d0 2521   !   3       java.io.ObjectInputStream$BlockDataInputStream::refill (136 bytes)
Event: 3264.951 Thread 0x000001876cd876d0 nmethod 2521 0x0000018759bb2190 code [0x0000018759bb2380, 0x0000018759bb28c8]
Event: 3385.759 Thread 0x000001876cd876d0 2522       3       sun.rmi.transport.tcp.TCPConnection::getOutputStream (30 bytes)
Event: 3385.759 Thread 0x000001876cd876d0 nmethod 2522 0x0000018759bb2b90 code [0x0000018759bb2d80, 0x0000018759bb34c8]
Event: 3442.984 Thread 0x000001876cd876d0 2523  s    3       java.io.BufferedInputStream::read (49 bytes)
Event: 3442.985 Thread 0x000001876cd876d0 nmethod 2523 0x0000018759bb3710 code [0x0000018759bb38e0, 0x0000018759bb3d58]
Event: 3470.365 Thread 0x000001876cd876d0 2524   !   3       sun.rmi.registry.RegistryImpl::lookup (43 bytes)
Event: 3470.366 Thread 0x000001876cd876d0 nmethod 2524 0x0000018759bb3f10 code [0x0000018759bb40e0, 0x0000018759bb45b8]

GC Heap History (8 events):
Event: 1.985 GC heap before
{Heap before GC invocations=0 (full 0):
 garbage-first heap   total 131072K, used 6144K [0x00000000d1200000, 0x0000000100000000)
  region size 1024K, 6 young (6144K), 0 survivors (0K)
 Metaspace       used 11635K, committed 11840K, reserved 1064960K
  class space    used 1133K, committed 1216K, reserved 1048576K
}
Event: 1.992 GC heap after
{Heap after GC invocations=1 (full 0):
 garbage-first heap   total 131072K, used 2781K [0x00000000d1200000, 0x0000000100000000)
  region size 1024K, 1 young (1024K), 1 survivors (1024K)
 Metaspace       used 11635K, committed 11840K, reserved 1064960K
  class space    used 1133K, committed 1216K, reserved 1048576K
}
Event: 2.651 GC heap before
{Heap before GC invocations=1 (full 0):
 garbage-first heap   total 131072K, used 7901K [0x00000000d1200000, 0x0000000100000000)
  region size 1024K, 6 young (6144K), 1 survivors (1024K)
 Metaspace       used 14770K, committed 15040K, reserved 1064960K
  class space    used 1496K, committed 1664K, reserved 1048576K
}
Event: 2.656 GC heap after
{Heap after GC invocations=2 (full 0):
 garbage-first heap   total 131072K, used 3695K [0x00000000d1200000, 0x0000000100000000)
  region size 1024K, 1 young (1024K), 1 survivors (1024K)
 Metaspace       used 14770K, committed 15040K, reserved 1064960K
  class space    used 1496K, committed 1664K, reserved 1048576K
}
Event: 3.629 GC heap before
{Heap before GC invocations=2 (full 0):
 garbage-first heap   total 131072K, used 10863K [0x00000000d1200000, 0x0000000100000000)
  region size 1024K, 9 young (9216K), 1 survivors (1024K)
 Metaspace       used 20472K, committed 20736K, reserved 1073152K
  class space    used 2158K, committed 2304K, reserved 1048576K
}
Event: 3.638 GC heap after
{Heap after GC invocations=3 (full 0):
 garbage-first heap   total 131072K, used 5225K [0x00000000d1200000, 0x0000000100000000)
  region size 1024K, 2 young (2048K), 2 survivors (2048K)
 Metaspace       used 20472K, committed 20736K, reserved 1073152K
  class space    used 2158K, committed 2304K, reserved 1048576K
}
Event: 3.725 GC heap before
{Heap before GC invocations=3 (full 0):
 garbage-first heap   total 131072K, used 5225K [0x00000000d1200000, 0x0000000100000000)
  region size 1024K, 3 young (3072K), 2 survivors (2048K)
 Metaspace       used 21281K, committed 21504K, reserved 1073152K
  class space    used 2254K, committed 2368K, reserved 1048576K
}
Event: 3.731 GC heap after
{Heap after GC invocations=4 (full 0):
 garbage-first heap   total 131072K, used 5548K [0x00000000d1200000, 0x0000000100000000)
  region size 1024K, 3 young (3072K), 3 survivors (3072K)
 Metaspace       used 21281K, committed 21504K, reserved 1073152K
  class space    used 2254K, committed 2368K, reserved 1048576K
}

Dll operation events (2 events):
Event: 0.045 Loaded shared library C:\Program Files\JetBrains\IntelliJ IDEA 2022.2.1\jbr\bin\java.dll
Event: 2.368 Loaded shared library C:\Program Files\JetBrains\IntelliJ IDEA 2022.2.1\jbr\bin\verify.dll

Deoptimization events (20 events):
Event: 5.404 Thread 0x000001876d186700 DEOPT PACKING pc=0x00000187598f603e sp=0x0000006bc4cfd4b0
Event: 5.404 Thread 0x000001876d186700 DEOPT UNPACKING pc=0x0000018760c27143 sp=0x0000006bc4cfc8e0 mode 0
Event: 5.631 Thread 0x000001876d186700 DEOPT PACKING pc=0x00000187598f603e sp=0x0000006bc4cfd3c0
Event: 5.631 Thread 0x000001876d186700 DEOPT UNPACKING pc=0x0000018760c27143 sp=0x0000006bc4cfc7f0 mode 0
Event: 6.372 Thread 0x000001876d186700 Uncommon trap: trap_request=0xffffff45 fr.pc=0x00000187611d7d4c relative=0x00000000000001ac
Event: 6.372 Thread 0x000001876d186700 Uncommon trap: reason=unstable_if action=reinterpret pc=0x00000187611d7d4c method=java.util.HashMap.getNode(Ljava/lang/Object;)Ljava/util/HashMap$Node; @ 66 c2
Event: 6.372 Thread 0x000001876d186700 DEOPT PACKING pc=0x00000187611d7d4c sp=0x0000006bc4cfe120
Event: 6.372 Thread 0x000001876d186700 DEOPT UNPACKING pc=0x0000018760c269a3 sp=0x0000006bc4cfe030 mode 2
Event: 7.226 Thread 0x000001876d186700 DEOPT PACKING pc=0x0000018759a5660b sp=0x0000006bc4cfd180
Event: 7.226 Thread 0x000001876d186700 DEOPT UNPACKING pc=0x0000018760c27143 sp=0x0000006bc4cfc670 mode 0
Event: 7.495 Thread 0x000001876d186700 DEOPT PACKING pc=0x00000187598fc996 sp=0x0000006bc4cfdbc0
Event: 7.496 Thread 0x000001876d186700 DEOPT UNPACKING pc=0x0000018760c27143 sp=0x0000006bc4cfd018 mode 0
Event: 3402.557 Thread 0x000001876d186bd0 Uncommon trap: trap_request=0xffffff45 fr.pc=0x0000018761211464 relative=0x0000000000000624
Event: 3402.557 Thread 0x000001876d186bd0 Uncommon trap: reason=unstable_if action=reinterpret pc=0x0000018761211464 method=java.io.BufferedInputStream.read()I @ 23 c2
Event: 3402.557 Thread 0x000001876d186bd0 DEOPT PACKING pc=0x0000018761211464 sp=0x0000006bc4bfebb0
Event: 3402.557 Thread 0x000001876d186bd0 DEOPT UNPACKING pc=0x0000018760c269a3 sp=0x0000006bc4bfeb80 mode 2
Event: 3402.557 Thread 0x000001876d186700 Uncommon trap: trap_request=0xffffff45 fr.pc=0x0000018761211464 relative=0x0000000000000624
Event: 3402.557 Thread 0x000001876d186700 Uncommon trap: reason=unstable_if action=reinterpret pc=0x0000018761211464 method=java.io.BufferedInputStream.read()I @ 23 c2
Event: 3402.557 Thread 0x000001876d186700 DEOPT PACKING pc=0x0000018761211464 sp=0x0000006bc4cff260
Event: 3402.557 Thread 0x000001876d186700 DEOPT UNPACKING pc=0x0000018760c269a3 sp=0x0000006bc4cff230 mode 2

Classes unloaded (0 events):
No events

Classes redefined (0 events):
No events

Internal exceptions (20 events):
Event: 2.237 Thread 0x000001876d1883e0 Exception <a 'java/lang/NoSuchMethodError'{0x00000000d90b70d8}: 'java.lang.Object java.lang.invoke.DirectMethodHandle$Holder.newInvokeSpecial(java.lang.Object, java.lang.Object, int, java.lang.Object, long)'> (0x00000000d90b70d8) 
thrown [s\src\hotspot\share\interpreter\linkResolver.cpp, line 771]
Event: 2.467 Thread 0x000001876d186700 Exception <a 'java/lang/NoSuchMethodError'{0x00000000d8ea6180}: 'java.lang.Object java.lang.invoke.DirectMethodHandle$Holder.invokeInterface(java.lang.Object, java.lang.Object)'> (0x00000000d8ea6180) 
thrown [s\src\hotspot\share\interpreter\linkResolver.cpp, line 771]
Event: 2.552 Thread 0x000001876d186700 Exception <a 'java/lang/NoSuchMethodError'{0x00000000d8d3bc90}: 'void java.lang.invoke.DirectMethodHandle$Holder.invokeSpecial(java.lang.Object, java.lang.Object, java.lang.Object)'> (0x00000000d8d3bc90) 
thrown [s\src\hotspot\share\interpreter\linkResolver.cpp, line 771]
Event: 2.556 Thread 0x000001876d186700 Exception <a 'java/lang/NoSuchMethodError'{0x00000000d8d42950}: 'void java.lang.invoke.DirectMethodHandle$Holder.invokeStatic(java.lang.Object, java.lang.Object, java.lang.Object)'> (0x00000000d8d42950) 
thrown [s\src\hotspot\share\interpreter\linkResolver.cpp, line 771]
Event: 2.559 Thread 0x000001876d186700 Exception <a 'java/lang/NoSuchMethodError'{0x00000000d8d4d220}: 'java.lang.Object java.lang.invoke.DirectMethodHandle$Holder.invokeVirtual(java.lang.Object, java.lang.Object, java.lang.Object)'> (0x00000000d8d4d220) 
thrown [s\src\hotspot\share\interpreter\linkResolver.cpp, line 771]
Event: 2.923 Thread 0x000001876d186700 Exception <a 'java/lang/NoSuchMethodError'{0x00000000d8e8b5f0}: 'void java.lang.invoke.DirectMethodHandle$Holder.invokeStaticInit(java.lang.Object, java.lang.Object)'> (0x00000000d8e8b5f0) 
thrown [s\src\hotspot\share\interpreter\linkResolver.cpp, line 771]
Event: 3.193 Thread 0x000001876d186700 Exception <a 'sun/nio/fs/WindowsException'{0x00000000d8b8fec8}> (0x00000000d8b8fec8) 
thrown [s\src\hotspot\share\prims\jni.cpp, line 517]
Event: 3.220 Thread 0x000001876d186700 Exception <a 'java/lang/NoSuchMethodError'{0x00000000d8bb4930}: 'int java.lang.invoke.DirectMethodHandle$Holder.invokeStaticInit(java.lang.Object, java.lang.Object, java.lang.Object, java.lang.Object)'> (0x00000000d8bb4930) 
thrown [s\src\hotspot\share\interpreter\linkResolver.cpp, line 771]
Event: 3.221 Thread 0x000001876d186700 Exception <a 'java/lang/IncompatibleClassChangeError'{0x00000000d8bbde38}: Found class java.lang.Object, but interface was expected> (0x00000000d8bbde38) 
thrown [s\src\hotspot\share\interpreter\linkResolver.cpp, line 838]
Event: 3.224 Thread 0x000001876d186700 Exception <a 'java/lang/NoSuchMethodError'{0x00000000d8bc3638}: 'int java.lang.invoke.DirectMethodHandle$Holder.invokeStaticInit(java.lang.Object, java.lang.Object)'> (0x00000000d8bc3638) 
thrown [s\src\hotspot\share\interpreter\linkResolver.cpp, line 771]
Event: 4.043 Thread 0x000001876d186700 Implicit null exception at 0x000001876119aaf5 to 0x000001876119b200
Event: 4.630 Thread 0x000001876d186700 Implicit null exception at 0x000001876119bef2 to 0x000001876119c5e8
Event: 4.939 Thread 0x000001876d186700 Exception <a 'java/lang/NoSuchMethodError'{0x00000000d861cd98}: static Lcom/intellij/database/remote/jdba/core/ConnectionInfo;.<clinit>()V> (0x00000000d861cd98) 
thrown [s\src\hotspot\share\prims\jni.cpp, line 1108]
Event: 4.941 Thread 0x000001876d186700 Exception <a 'java/lang/NoSuchMethodError'{0x00000000d8627288}: static Ljava/lang/Object;.<clinit>()V> (0x00000000d8627288) 
thrown [s\src\hotspot\share\prims\jni.cpp, line 1108]
Event: 4.955 Thread 0x000001876d186700 Exception <a 'java/lang/NoSuchMethodError'{0x00000000d862ae78}: static [I.<clinit>()V> (0x00000000d862ae78) 
thrown [s\src\hotspot\share\prims\jni.cpp, line 1108]
Event: 5.038 Thread 0x000001876d186700 Exception <a 'java/lang/NoSuchMethodError'{0x00000000d8547e08}: static Lcom/intellij/database/remote/jdba/core/ResultLayout;.<clinit>()V> (0x00000000d8547e08) 
thrown [s\src\hotspot\share\prims\jni.cpp, line 1108]
Event: 5.042 Thread 0x000001876d186700 Exception <a 'java/lang/NoSuchMethodError'{0x00000000d85544d8}: static Lcom/intellij/database/remote/jdba/core/RowLayout;.<clinit>()V> (0x00000000d85544d8) 
thrown [s\src\hotspot\share\prims\jni.cpp, line 1108]
Event: 5.044 Thread 0x000001876d186700 Exception <a 'java/lang/NoSuchMethodError'{0x00000000d855f2a0}: static Lcom/intellij/database/remote/jdba/util/NameAndClass;.<clinit>()V> (0x00000000d855f2a0) 
thrown [s\src\hotspot\share\prims\jni.cpp, line 1108]
Event: 5.353 Thread 0x000001876d186700 Exception <a 'java/lang/NoSuchMethodError'{0x00000000d8426910}: static [Ljava/lang/String;.<clinit>()V> (0x00000000d8426910) 
thrown [s\src\hotspot\share\prims\jni.cpp, line 1108]
Event: 5.666 Thread 0x000001876d186700 Exception <a 'java/lang/NoSuchMethodError'{0x00000000d8309e98}: static [Ljava/lang/Object;.<clinit>()V> (0x00000000d8309e98) 
thrown [s\src\hotspot\share\prims\jni.cpp, line 1108]

VM Operations (20 events):
Event: 2702.669 Executing VM operation: Cleanup done
Event: 2704.669 Executing VM operation: Cleanup
Event: 2704.669 Executing VM operation: Cleanup done
Event: 2911.740 Executing VM operation: Cleanup
Event: 2911.740 Executing VM operation: Cleanup done
Event: 2959.753 Executing VM operation: Cleanup
Event: 2959.753 Executing VM operation: Cleanup done
Event: 3173.831 Executing VM operation: Cleanup
Event: 3173.831 Executing VM operation: Cleanup done
Event: 3402.969 Executing VM operation: Cleanup
Event: 3402.969 Executing VM operation: Cleanup done
Event: 3405.969 Executing VM operation: Cleanup
Event: 3405.969 Executing VM operation: Cleanup done
Event: 3443.982 Executing VM operation: Cleanup
Event: 3443.982 Executing VM operation: Cleanup done
Event: 3452.993 Executing VM operation: Cleanup
Event: 3452.994 Executing VM operation: Cleanup done
Event: 3603.075 Executing VM operation: Cleanup
Event: 3603.075 Executing VM operation: Cleanup done
Event: 3603.751 Executing VM operation: G1CollectFull

Events (20 events):
Event: 3236.846 Thread 0x000001876d1870a0 Thread added: 0x000001876d1870a0
Event: 3238.234 Thread 0x000001876d1870a0 Thread exited: 0x000001876d1870a0
Event: 3239.065 Thread 0x000001876d187a40 Thread added: 0x000001876d187a40
Event: 3240.535 Thread 0x000001876d187a40 Thread exited: 0x000001876d187a40
Event: 3275.956 Thread 0x000001876d186230 Thread added: 0x000001876d186230
Event: 3277.012 Thread 0x000001876d186230 Thread exited: 0x000001876d186230
Event: 3391.550 Thread 0x000001876d189250 Thread added: 0x000001876d189250
Event: 3394.794 Thread 0x000001876d189250 Thread exited: 0x000001876d189250
Event: 3397.358 Thread 0x000001876d187a40 Thread added: 0x000001876d187a40
Event: 3398.967 Thread 0x000001876d187a40 Thread exited: 0x000001876d187a40
Event: 3399.341 Thread 0x000001876d187a40 Thread added: 0x000001876d187a40
Event: 3400.995 Thread 0x000001876d187a40 Thread exited: 0x000001876d187a40
Event: 3413.846 Thread 0x000001876d185890 Thread added: 0x000001876d185890
Event: 3415.520 Thread 0x000001876d185890 Thread exited: 0x000001876d185890
Event: 3420.427 Thread 0x000001876d186230 Thread added: 0x000001876d186230
Event: 3422.197 Thread 0x000001876d186230 Thread exited: 0x000001876d186230
Event: 3472.740 Thread 0x000001876d187a40 Thread added: 0x000001876d187a40
Event: 3473.761 Thread 0x000001876d187a40 Thread exited: 0x000001876d187a40
Event: 3534.493 Thread 0x000001876d187a40 Thread added: 0x000001876d187a40
Event: 3535.497 Thread 0x000001876d187a40 Thread exited: 0x000001876d187a40


Dynamic libraries:
0x00007ff7e68c0000 - 0x00007ff7e68ca000 	C:\Program Files\JetBrains\IntelliJ IDEA 2022.2.1\jbr\bin\java.exe
0x00007ffd68f10000 - 0x00007ffd69108000 	C:\WINDOWS\SYSTEM32\ntdll.dll
0x00007ffd677a0000 - 0x00007ffd6785f000 	C:\WINDOWS\System32\KERNEL32.DLL
0x00007ffd66690000 - 0x00007ffd6696a000 	C:\WINDOWS\System32\KERNELBASE.dll
0x00007ffd66e70000 - 0x00007ffd66f70000 	C:\WINDOWS\System32\ucrtbase.dll
0x00007ffd37aa0000 - 0x00007ffd37ab7000 	C:\Program Files\JetBrains\IntelliJ IDEA 2022.2.1\jbr\bin\jli.dll
0x00007ffd68d30000 - 0x00007ffd68ecd000 	C:\WINDOWS\System32\USER32.dll
0x00007ffd66dc0000 - 0x00007ffd66de2000 	C:\WINDOWS\System32\win32u.dll
0x00007ffd67690000 - 0x00007ffd676bb000 	C:\WINDOWS\System32\GDI32.dll
0x00007ffd66c20000 - 0x00007ffd66d30000 	C:\WINDOWS\System32\gdi32full.dll
0x00007ffd66970000 - 0x00007ffd66a0d000 	C:\WINDOWS\System32\msvcp_win.dll
0x00007ffd563f0000 - 0x00007ffd5668a000 	C:\WINDOWS\WinSxS\amd64_microsoft.windows.common-controls_6595b64144ccf1df_6.0.19041.1110_none_60b5254171f9507e\COMCTL32.dll
0x00007ffd671c0000 - 0x00007ffd6725e000 	C:\WINDOWS\System32\msvcrt.dll
0x00007ffd36dc0000 - 0x00007ffd36ddb000 	C:\Program Files\JetBrains\IntelliJ IDEA 2022.2.1\jbr\bin\VCRUNTIME140.dll
0x00007ffd676c0000 - 0x00007ffd676f0000 	C:\WINDOWS\System32\IMM32.DLL
0x0000000061590000 - 0x000000006159c000 	C:\Program Files (x86)\360\Total Security\safemon\SafeWrapper.dll
0x00007ffd676f0000 - 0x00007ffd6779e000 	C:\WINDOWS\System32\ADVAPI32.dll
0x00007ffd675f0000 - 0x00007ffd6768c000 	C:\WINDOWS\System32\sechost.dll
0x00007ffd674c0000 - 0x00007ffd675e4000 	C:\WINDOWS\System32\RPCRT4.dll
0x00007ffd2e070000 - 0x00007ffd2e102000 	C:\Program Files (x86)\360\Total Security\safemon\libzdtp64.dll
0x00007ffd67860000 - 0x00007ffd67fa4000 	C:\WINDOWS\System32\SHELL32.dll
0x00007ffd68820000 - 0x00007ffd68875000 	C:\WINDOWS\System32\SHLWAPI.dll
0x00007ffd66370000 - 0x00007ffd6637a000 	C:\WINDOWS\SYSTEM32\VERSION.dll
0x00007ffd58e40000 - 0x00007ffd58e4c000 	C:\Program Files\JetBrains\IntelliJ IDEA 2022.2.1\jbr\bin\vcruntime140_1.dll
0x00007ffd10f80000 - 0x00007ffd1100d000 	C:\Program Files\JetBrains\IntelliJ IDEA 2022.2.1\jbr\bin\msvcp140.dll
0x00007ffd11dd0000 - 0x00007ffd12a3d000 	C:\Program Files\JetBrains\IntelliJ IDEA 2022.2.1\jbr\bin\server\jvm.dll
0x00007ffd562f0000 - 0x00007ffd562f9000 	C:\WINDOWS\SYSTEM32\WSOCK32.dll
0x00007ffd67380000 - 0x00007ffd673eb000 	C:\WINDOWS\System32\WS2_32.dll
0x00007ffd5dac0000 - 0x00007ffd5dae7000 	C:\WINDOWS\SYSTEM32\WINMM.dll
0x00007ffd64470000 - 0x00007ffd64482000 	C:\WINDOWS\SYSTEM32\kernel.appcore.dll
0x00007ffd61f90000 - 0x00007ffd61f9a000 	C:\Program Files\JetBrains\IntelliJ IDEA 2022.2.1\jbr\bin\jimage.dll
0x00007ffd56fb0000 - 0x00007ffd57194000 	C:\WINDOWS\SYSTEM32\DBGHELP.DLL
0x00007ffd56e20000 - 0x00007ffd56e54000 	C:\WINDOWS\SYSTEM32\dbgcore.DLL
0x00007ffd66d30000 - 0x00007ffd66db2000 	C:\WINDOWS\System32\bcryptPrimitives.dll
0x00007ffd58c80000 - 0x00007ffd58ca5000 	C:\Program Files\JetBrains\IntelliJ IDEA 2022.2.1\jbr\bin\java.dll
0x00007ffd58f10000 - 0x00007ffd58f28000 	C:\Program Files\JetBrains\IntelliJ IDEA 2022.2.1\jbr\bin\zip.dll
0x00007ffd64670000 - 0x00007ffd64e03000 	C:\WINDOWS\SYSTEM32\windows.storage.dll
0x00007ffd689d0000 - 0x00007ffd68d24000 	C:\WINDOWS\System32\combase.dll
0x00007ffd65fa0000 - 0x00007ffd65fce000 	C:\WINDOWS\SYSTEM32\Wldp.dll
0x00007ffd68430000 - 0x00007ffd684dd000 	C:\WINDOWS\System32\SHCORE.dll
0x00007ffd66560000 - 0x00007ffd6657f000 	C:\WINDOWS\SYSTEM32\profapi.dll
0x00007ffd58e60000 - 0x00007ffd58e79000 	C:\Program Files\JetBrains\IntelliJ IDEA 2022.2.1\jbr\bin\net.dll
0x00007ffd59260000 - 0x00007ffd5936a000 	C:\WINDOWS\SYSTEM32\WINHTTP.dll
0x00007ffd65c90000 - 0x00007ffd65cfa000 	C:\WINDOWS\system32\mswsock.dll
0x00007ffd58c60000 - 0x00007ffd58c76000 	C:\Program Files\JetBrains\IntelliJ IDEA 2022.2.1\jbr\bin\nio.dll
0x00007ffd31400000 - 0x00007ffd31593000 	C:\Program Files\JetBrains\IntelliJ IDEA 2022.2.1\jbr\bin\awt.dll
0x00007ffd673f0000 - 0x00007ffd674bd000 	C:\WINDOWS\System32\OLEAUT32.dll
0x00007ffd64180000 - 0x00007ffd641af000 	C:\WINDOWS\SYSTEM32\dwmapi.dll
0x00007ffd63dc0000 - 0x00007ffd63e50000 	C:\WINDOWS\SYSTEM32\apphelp.dll
0x00007ffd63f80000 - 0x00007ffd6401e000 	C:\WINDOWS\system32\uxtheme.dll
0x00007ffd67260000 - 0x00007ffd67374000 	C:\WINDOWS\System32\MSCTF.dll
0x00007ffd67000000 - 0x00007ffd6712a000 	C:\WINDOWS\System32\ole32.dll
0x00007ffd65980000 - 0x00007ffd659bc000 	C:\WINDOWS\SYSTEM32\IPHLPAPI.DLL
0x00007ffd67150000 - 0x00007ffd67158000 	C:\WINDOWS\System32\NSI.dll
0x00007ffd59d70000 - 0x00007ffd59d87000 	C:\WINDOWS\SYSTEM32\dhcpcsvc6.DLL
0x00007ffd59e40000 - 0x00007ffd59e5d000 	C:\WINDOWS\SYSTEM32\dhcpcsvc.DLL
0x00007ffd659d0000 - 0x00007ffd65a9b000 	C:\WINDOWS\SYSTEM32\DNSAPI.dll
0x00007ffd65e80000 - 0x00007ffd65e98000 	C:\WINDOWS\SYSTEM32\CRYPTSP.dll
0x00007ffd655b0000 - 0x00007ffd655e4000 	C:\WINDOWS\system32\rsaenh.dll
0x00007ffd66e40000 - 0x00007ffd66e67000 	C:\WINDOWS\System32\bcrypt.dll
0x00007ffd664e0000 - 0x00007ffd6650e000 	C:\WINDOWS\SYSTEM32\USERENV.dll
0x00007ffd65ea0000 - 0x00007ffd65eac000 	C:\WINDOWS\SYSTEM32\CRYPTBASE.dll
0x00007ffd54ee0000 - 0x00007ffd54ee7000 	C:\Program Files\JetBrains\IntelliJ IDEA 2022.2.1\jbr\bin\rmi.dll
0x00007ffd58ea0000 - 0x00007ffd58eb0000 	C:\Program Files\JetBrains\IntelliJ IDEA 2022.2.1\jbr\bin\verify.dll
0x00007ffd58670000 - 0x00007ffd5867a000 	C:\Windows\System32\rasadhlp.dll
0x00007ffd58710000 - 0x00007ffd58790000 	C:\WINDOWS\System32\fwpuclnt.dll
0x00007ffd58be0000 - 0x00007ffd58bee000 	C:\Program Files\JetBrains\IntelliJ IDEA 2022.2.1\jbr\bin\sunmscapi.dll
0x00007ffd66a10000 - 0x00007ffd66b66000 	C:\WINDOWS\System32\CRYPT32.dll
0x00007ffd66010000 - 0x00007ffd66038000 	C:\WINDOWS\SYSTEM32\ncrypt.dll
0x00007ffd65fd0000 - 0x00007ffd6600b000 	C:\WINDOWS\SYSTEM32\NTASN1.dll

dbghelp: loaded successfully - version: 4.0.5 - missing functions: none
symbol engine: initialized successfully - sym options: 0x614 - pdb path: .;C:\Program Files\JetBrains\IntelliJ IDEA 2022.2.1\jbr\bin;C:\WINDOWS\SYSTEM32;C:\WINDOWS\WinSxS\amd64_microsoft.windows.common-controls_6595b64144ccf1df_6.0.19041.1110_none_60b5254171f9507e;C:\Program Files (x86)\360\Total Security\safemon;C:\Program Files\JetBrains\IntelliJ IDEA 2022.2.1\jbr\bin\server

VM Arguments:
jvm_args: -Dawt.toolkit=com.intellij.desktop.DesktopActionsToolkit -Djava.rmi.server.hostname=127.0.0.1 -Duser.timezone=UTC -Xmx750m -Xms128m --add-exports=java.desktop/sun.awt=ALL-UNNAMED --add-exports=java.desktop/java.awt.peer=ALL-UNNAMED --add-opens=java.desktop/java.awt=ALL-UNNAMED --add-opens=jdk.unsupported/sun.misc=ALL-UNNAMED --add-opens=java.base/java.nio=ALL-UNNAMED --add-opens=java.base/java.util=ALL-UNNAMED -Dfile.encoding=UTF-8 
java_command: com.intellij.database.remote.RemoteJdbcServer com.mysql.cj.jdbc.Driver
java_class_path (initial): C:\Program Files\JetBrains\IntelliJ IDEA 2022.2.1\lib\util_rt.jar;C:\Program Files\JetBrains\IntelliJ IDEA 2022.2.1\lib\util.jar;C:\Program Files\JetBrains\IntelliJ IDEA 2022.2.1\lib\groovy.jar;C:\Program Files\JetBrains\IntelliJ IDEA 2022.2.1\plugins\DatabaseTools\lib\jdbc-console.jar;C:\Users\\AppData\Roaming\JetBrains\IntelliJIdea2022.2\jdbc-drivers\MySQL ConnectorJ\8.0.25\mysql-connector-java-8.0.25.jar
Launcher Type: SUN_STANDARD

[Global flags]
     intx CICompilerCount                          = 2                                         {product} {ergonomic}
     uint ConcGCThreads                            = 1                                         {product} {ergonomic}
     uint G1ConcRefinementThreads                  = 2                                         {product} {ergonomic}
   size_t G1HeapRegionSize                         = 1048576                                   {product} {ergonomic}
    uintx GCDrainStackTargetSize                   = 64                                        {product} {ergonomic}
   size_t InitialHeapSize                          = 134217728                                 {product} {command line}
   size_t MarkStackSize                            = 4194304                                   {product} {ergonomic}
   size_t MaxHeapSize                              = 786432000                                 {product} {command line}
   size_t MaxNewSize                               = 471859200                                 {product} {ergonomic}
   size_t MinHeapDeltaBytes                        = 1048576                                   {product} {ergonomic}
   size_t MinHeapSize                              = 134217728                                 {product} {command line}
    uintx NonNMethodCodeHeapSize                   = 5826188                                {pd product} {ergonomic}
    uintx NonProfiledCodeHeapSize                  = 122916026                              {pd product} {ergonomic}
    uintx ProfiledCodeHeapSize                     = 122916026                              {pd product} {ergonomic}
    uintx ReservedCodeCacheSize                    = 251658240                              {pd product} {ergonomic}
     bool SegmentedCodeCache                       = true                                      {product} {ergonomic}
   size_t SoftMaxHeapSize                          = 786432000                              {manageable} {ergonomic}
     bool UseCompressedClassPointers               = true                           {product lp64_product} {ergonomic}
     bool UseCompressedOops                        = true                           {product lp64_product} {ergonomic}
     bool UseG1GC                                  = true                                      {product} {ergonomic}
     bool UseLargePagesIndividualAllocation        = false                                  {pd product} {ergonomic}

Logging:
Log output configuration:
 #0: stdout all=warning uptime,level,tags
 #1: stderr all=off uptime,level,tags

Environment Variables:
JAVA_HOME=C:\Program Files\Java\jdk1.8.0_321
PATH=C:\Program Files (x86)\Common Files\Oracle\Java\javapath;C:\WINDOWS\system32;C:\WINDOWS;C:\WINDOWS\System32\Wbem;C:\WINDOWS\System32\WindowsPowerShell\v1.0\;C:\WINDOWS\System32\OpenSSH\;C:\Program Files\Git\cmd;C:\Program Files\MySQL\MySQL Shell 8.0\bin\;C:\Users\\AppData\Local\Microsoft\WindowsApps;C:\Microsoft VS Code\bin;C:\Program Files\JetBrains\IntelliJ IDEA Community Edition 2021.3.2\bin;C:\Program Files\Java\jdk1.8.0_321\bin;C:\Program Files\JetBrains\IntelliJ IDEA 2022.2.1\bin;C:\Users\\AppData\Local\JetBrains\Toolbox\scripts;
USERNAME=
OS=Windows_NT
PROCESSOR_IDENTIFIER=AMD64 Family 21 Model 112 Stepping 0, AuthenticAMD
TMP=C:\Users\BC47~1\AppData\Local\Temp
TEMP=C:\Users\BC47~1\AppData\Local\Temp



---------------  S Y S T E M  ---------------

OS:
 Windows 10 , 64 bit Build 19041 (10.0.19041.2788)
OS uptime: 2 days 6:38 hours

CPU: total 2 (initial active 2) (2 cores per cpu, 1 threads per core) family 21 model 112 stepping 0 microcode 0x0, cx8, cmov, fxsr, mmx, 3dnowpref, sse, sse2, sse3, ssse3, sse4a, sse4.1, sse4.2, popcnt, lzcnt, tsc, tscinvbit, avx, avx2, aes, clmul, bmi1, bmi2, fma, vzeroupper, clflush

Memory: 4k page, system-wide physical 7638M (639M free)
TotalPageFile size 9686M (AvailPageFile size 6M)
current process WorkingSet (physical memory assigned to process): 99M, peak: 115M
current process commit charge ("private bytes"): 222M, peak: 241M

vm_info: OpenJDK 64-Bit Server VM (17.0.6+7-b469.82) for windows-amd64 JRE (17.0.6+7-b469.82), built on 2023-03-05 by "builduser" with MS VC++ 16.10 / 16.11 (VS2019)

END.
